2024-03-23 23:08:02,704 [INFO] from org.reflections.Reflections in main - Reflections took 4904 ms to scan 2 urls, producing 102 keys and 701 values
2024-03-23 23:08:03,043 [INFO] from module in main - Loading model class org.thp.cortex.models.ReportModel
2024-03-23 23:08:03,061 [INFO] from module in main - Loading model class org.thp.cortex.models.JobModel
2024-03-23 23:08:03,068 [INFO] from module in main - Loading model class org.thp.cortex.models.WorkerConfigModel
2024-03-23 23:08:03,071 [INFO] from module in main - Loading model class org.thp.cortex.models.ArtifactModel
2024-03-23 23:08:03,071 [INFO] from module in main - Loading model class org.thp.cortex.models.OrganizationModel
2024-03-23 23:08:03,072 [INFO] from module in main - Loading model class org.thp.cortex.models.UserModel
2024-03-23 23:08:03,072 [INFO] from module in main - Loading model class org.thp.cortex.models.AuditModel
2024-03-23 23:08:03,073 [INFO] from module in main - Loading model class org.elastic4play.services.DBListModel
2024-03-23 23:08:03,073 [INFO] from module in main - Loading model class org.elastic4play.services.AttachmentModel
2024-03-23 23:08:03,073 [INFO] from module in main - Loading model class org.thp.cortex.models.WorkerModel
2024-03-23 23:08:03,112 [INFO] from module in main - Loading authentication module class org.elastic4play.services.auth.LdapAuthSrv
2024-03-23 23:08:03,112 [INFO] from module in main - Loading authentication module class org.thp.cortex.services.OAuth2Srv
2024-03-23 23:08:03,113 [INFO] from module in main - Loading authentication module class org.elastic4play.services.auth.ADAuthSrv
2024-03-23 23:08:03,113 [INFO] from module in main - Loading authentication module class org.thp.cortex.services.KeyAuthSrv
2024-03-23 23:08:03,113 [INFO] from module in main - Loading authentication module class org.thp.cortex.services.LocalAuthSrv
2024-03-23 23:08:28,234 [INFO] from akka.event.slf4j.Slf4jLogger in application-akka.actor.default-dispatcher-6 - Slf4jLogger started
2024-03-23 23:08:54,555 [INFO] from org.thp.cortex.services.WorkerSrv in application-akka.actor.default-dispatcher-6 - New worker list:

	RiskIQ_Certificates 1.0
	IPVoid 1.0
	SEKOIAIntelligenceCenter_Indicators 1.0
	RiskIQ_Projects 1.0
	Shuffle 1.0
	SEKOIAIntelligenceCenter_Context 1.0
	HarfangLab-GetArtifactAll 1.0
	RiskIQ_Cookies 1.0
	HIBP_Query 2.0
	CheckPoint_Unlock 1.0
	ONYPHE_ASM 1.0
	DNSSinkhole 1.0
	DomainToolsIris_Investigate 1.0
	ThreatMiner 1.0
	MSDefender-UnisolateMachine 1.0
	Autofocus_SearchJSON 1.0
	MSDefender-PushIOC-Block 1.0
	DomainTools_Reputation 2.0
	PaloAltoCortexXDR_isolate 1.0
	AMPforEndpoints_SCDAdd 1.0
	MaxMind_GeoIP 4.0
	Crowdstrike_Falcon_Custom_IOC_API 1.0
	FileInfo 8.0
	PaloAltoNGFW_block_external_user 1.0.0
	SentinelOne_Hash_Blacklister 1.0
	CheckPoint_Lock 1.0
	FireEyeiSight 1.0
	Malwares_GetReport 1.0
	Mnemonic_pDNS_Public 3.0
	SEKOIAIntelligenceCenter_Observables 1.0
	THOR_Thunderstorm_ScanSample 0.3.1
	Verifalia 1.0
	ONYPHE_Vulnscan 1.0
	RiskIQ_Articles 1.0
	DomainTools_Risk 2.0
	EchoTrail 1.0
	PassiveTotal_Osint 2.0
	IP-API 1.0
	CIRCLPassiveDNS 2.0
	CyberChef_FromHex 1.0
	PaloAltoNGFW_block_port_for_external_communication 2.0.0
	HarfangLab_SearchDriverByFileName 1.0
	PassiveTotal_Passive_Dns 2.1
	Shodan_Host 1.0
	SendGrid 1.0
	HarfangLab_SearchDriverByHash 1.0
	DomainTools_WhoisLookupUnparsed 2.0
	Hashdd_Detail 2.0
	RiskIQ_Resolutions 1.0
	PassiveTotal_Host_Pairs 2.0
	Hunterio_DomainSearch 1.0
	CyberChef_FromCharCode 1.0
	MISPWarningLists 2.0
	Gmail_BlockDomain 1.0
	DomainTools_ReverseIPWhois 2.0
	AbuseIPDB 1.0
	TorProject 1.0
	RecordedFuture 2.0
	HarfangLab-GetStartupFiles 1.0
	Redmine_Issue 1.0
	CIRCLPassiveSSL 2.0
	Inoitsu 1.0
	Fortiguard_URLCategory 2.1
	Splunk_Search_User_Agent 3.0
	RiskIQ_HostpairParents 1.0
	Yara 2.0
	VirusTotal_Scan 3.1
	HarfangLab-SearchHash 1.0
	EmergingThreats_DomainInfo 1.0
	DNSDB_DomainName 2.0
	PhishTank_CheckURL 2.1
	DNS-RPZ 1.0
	MailIncidentStatus 1.0
	ONYPHE_Search 1.0
	PaloAltoNGFW_block_internal_domain 2.0.0
	StamusNetworks_HostID 1.0
	IPinfo_Hosted_Domains 1.0
	RiskIQ_Subdomains 1.0
	EmlParser 2.1
	SpamhausDBL 1.0
	SophosIntelix_GetReport 0.3
	PassiveTotal_Trackers 2.0
	ThreatResponse 1.0
	VirusTotal_GetReport 3.1
	Gmail_BlockSender 1.0
	Maltiverse_Report 1.0
	HarfangLab-GetPersistence 1.0
	SophosIntelix_Submit_Dynamic 0.1
	HarfangLab-SearchDestinationIP 1.0
	MSDefenderOffice365_unblock 1.0
	BackscatterIO_GetObservations 1.0
	OTXQuery 2.0
	Investigate_Sample 1.0
	PaloAltoNGFW_unblock_port_for_internal_communication 1.0.0
	MetaDefenderCloud_Reputation 1.0
	Autofocus_SearchIOC 1.0
	Test 1.0
	Splunk_Search_Mail_Email 3.0
	CheckPhish 1.0
	Patrowl_GetReport 1.0
	NSRL 1.0
	AMPforEndpoints_MoveGUID 1.0
	RT4-CreateTicket 1.0
	PhishingInitiative_Scan 1.0
	Mailer 1.0
	RiskIQ_Summary 1.0
	C1fApp 1.0
	Diario_Scan 1.0
	MSDefenderOffice365_block 1.0
	Zscaler 1.3
	OpenCTI_SearchObservables 2.0
	Nessus 2.0
	KnowBe4 1.0
	SecurityTrails_Passive_DNS 1.0
	Cylance 1.0
	SentinelOne_DeepVisibility_DNSQuery 1.0
	HarfangLab-GetSessions 1.0
	Virusshare 2.0
	HarfangLab-GetScheduledTasks 1.0
	Velociraptor_Flow 0.1
	DomainTools_ReverseIP 2.0
	Crowdsec_Analyzer 1.0
	Yeti 1.0
	StaxxSearch 1.0
	PaloAltoNGFW_unblock_external_domain 1.0.0
	SinkDB 1.1
	PaloAltoNGFW_unblock_external_IP_address 1.0.0
	MalwareBazaar 1.0
	DomainToolsIris_AddRiskyDNSTag 1.0
	Robtex_Forward_PDNS_Query 1.0
	CheckPhish_Submit 1.0
	RiskIQ_Services 1.0
	HarfangLab-GetDrivers 1.0
	HarfangLab-GetWMI 1.0
	WOT_Lookup 2.0
	JoeSandbox_File_Analysis_Inet 3.0
	RiskIQ_Whois 1.0
	JoeSandbox_File_Analysis_Noinet 3.0
	HarfangLab-GetPrefetches 1.0
	Elasticsearch_Analysis 1.0
	Splunk_Search_Hash 3.0
	Autofocus_GetSampleAnalysis 1.0
	HarfangLab-KillProcess 1.0
	Virustotal_Downloader 0.1
	DuoUnlockUserAccount 1.0
	PaloAltoNGFW_unblock_internal_user 1.0.0
	EmergingThreats_IPInfo 1.0
	Shodan_ReverseDNS 1.0
	Shodan_Host_History 1.0
	HarfangLab-GetServices 1.0
	Wazuh 1.0
	PassiveTotal_Whois_Details 2.0
	BitcoinAbuse 1.0
	Urlscan.io_Search 0.1.1
	Jupyter_Run_Notebook_Responder 1.0
	CIRCLHashlookup 1.1
	PaloAltoNGFW_block_external_IP_address 2.0.0
	DomainTools_WhoisLookup 2.0
	PaloAltoNGFW_block_internal_IP_address 2.0.0
	HarfangLab-GetArtifactRamdump 1.0
	GRR 0.1
	Cyberprotect_ThreatScore 3.0
	PaloAltoNGFW_block_external_domain 2.0.0
	ZEROFOX_Close_alert 1.0
	Minemeld 1.0
	PassiveTotal_Malware 2.0
	DomainTools_ReverseNameServer 2.0
	IntezerCommunity 1.0
	DNSDB_IPHistory 2.0
	Ldap_Query 2.0
	PaloAltoNGFW_unblock_internal_domain 1.0.0
	HarfangLab-IsolateHost 1.0
	GoogleSafebrowsing 2.0
	PassiveTotal_Enrichment 2.0
	PayloadSecurity_File_Analysis 1.0
	Triage 1.0
	Msg_Parser 3.0
	PaloAltoWildFire 1.0
	DomainMailSPFDMARC_Analyzer 1.1
	PassiveTotal_Unique_Resolutions 2.0
	Splunk_Search_User 3.0
	RiskIQ_PushArtifactToProject 1.0
	CuckooSandbox_Url_Analysis 1.2
	BackscatterIO_Enrichment 1.0
	DomainTools_ReverseWhois 2.0
	SophosIntelix_Submit_Static 0.1
	Threatcrowd 1.0
	Umbrella_Blacklister 1.1
	ZEROFOX_Takedown_request 1.0
	CyberCrime-Tracker 1.0
	Gmail_DeleteMessage 1.0
	EmailRep 1.0
	KasperskyThreatIntelligencePortal 1.0
	URLhaus 2.0
	MISP 2.1
	TeamCymruMHR 1.0
	DShield_lookup 1.0
	EmergingThreats_MalwareInfo 1.0
	StopForumSpam 1.0
	DomainTools_HostingHistory 2.0
	CyberChef_FromBase64 1.0
	VirusTotal_Rescan 3.1
	Abuse_Finder 3.0
	Investigate_Categorization 1.0
	HarfangLab-GetArtifactMFT 1.0
	HarfangLab-SearchSourceIP 1.0
	HarfangLab-GetPipes 1.0
	SecurityTrails_Whois 1.0
	DomainTools_WhoisHistory 2.0
	VirusTotal_DownloadSample 3.1
	MetaDefenderCloud_Scan 1.0
	PassiveTotal_Ssl_Certificate_History 2.0
	HarfangLab-GetArtifactUSN 1.0
	HarfangLab-GetArtifactPrefetch 1.0
	Splunk_Search_Other 3.0
	Malpedia 1.0
	ONYPHE_Summary_API 1.1
	MetaDefenderCore_Scan 1.0
	Splunk_Search_Registry 3.0
	RiskIQ_Malware 1.0
	Crt_sh_Transparency_Logs 1.0
	PaloAltoCortexXDR_scan 1.0
	IPinfo_Details 1.0
	CERTatPassiveDNS 2.0
	Urlscan.io_Scan 0.1.0
	RiskIQ_Components 1.0
	HarfangLab-GetNetworkShares 1.0
	Gatewatcher_CTI 1.0
	DomainToolsIris_CheckMaliciousTags 1.0
	ProofPoint_Lookup 1.0
	PayloadSecurity_Url_Analysis 1.0
	HarfangLab-GetArtifactLogs 1.0
	MSDefender-FullVirusscan 1.0
	Shodan_DNSResolve 1.0
	Splunk_Search_Mail_Subject 3.0
	VMRay 4.1
	GoogleDNS_resolve 1.0.0
	DomainToolsIris_Pivot 1.0
	MetaDefenderCloud_GetReport 1.0
	FalconSandbox 1.0
	OpenCTI_SearchExactObservable 2.0
	Hipposcore 2.0
	Shodan_InfoDomain 1.0
	CuckooSandbox_File_Analysis_Inet 1.2
	HarfangLab-GetArtifactHives 1.0
	DNS_Lookingglass 1.0
	Jupyter_Run_Notebook_Analyzer 1.0
	GoogleVisionAPI_WebDetection 1.0.0
	Valhalla_GetRuleMatches 0.3.1
	TalosReputation 1.0
	RiskIQ_Trackers 1.0
	Vulners_CVE 1.0
	Splunk_Search_IP 3.0
	TorBlutmagie 1.0
	SpamAssassin 1.0
	Splunk_Search_Domain_FQDN 3.0
	MSDefender-IsolateMachine 1.0
	RiskIQ_Reputation 1.0
	FireHOLBlocklists 2.0
	Vulners_IOC 1.0
	NERD 1.0
	RiskIQ_Artifacts 1.0
	ThreatGrid 1.0
	HarfangLab-GetBinary 1.0
	HarfangLab-UnisolateHost 1.0
	Robtex_Reverse_PDNS_Query 1.0
	Gmail_UnblockDomain 1.0
	PassiveTotal_Ssl_Certificate_Details 2.0
	PaloAltoNGFW_block_internal_user 1.0.0
	AMPforEndpoints_IsolationStart 1.0
	Hashdd_Status 2.0
	PaloAltoNGFW_unblock_port_for_external_communication 1.0.0
	PaloAltoCortexXDR_unisolate 1.0
	HarfangLab-GetArtifactFilesystem 1.0
	PaloAltoNGFW_unblock_internal_IP_address 1.0.0
	DNSDB_NameHistory 2.0
	PhishingInitiative_Lookup 2.0
	AMPforEndpoints_IsolationStop 1.0
	SoltraEdge 1.0
	Pulsedive_GetIndicator 1.0
	QRadar_Auto_Closing_Offense 1.0
	IBMXForce_Lookup 1.0
	Gmail_UnblockSender 1.0
	Splunk_Search_URL_URI_Path 3.0
	RiskIQ_HostpairChildren 1.0
	IVRE 1.0
	MSDefender-PushIOC-Alert 1.0
	JoeSandbox_Url_Analysis 2.0
	HarfangLab-DumpProcess 1.0
	GreyNoise 3.1
	Censys 1.0
	CISMCAP 1.0
	Malwares_Scan 1.0
	Robtex_IP_Query 1.0
	HippoMore 2.0
	PaloAltoNGFW_unblock_external_user 1.0.0
	HybridAnalysis_GetReport 1.0
	DuoLockUserAccount 1.0
	AMPforEndpoints_SCDRemove 1.0
	ClamAV_FileInfo 1.1
	PaloAltoNGFW_block_port_for_internal_communication 2.0.0
	HarfangLab-GetRunKeys 1.0
	ForcepointWebsensePing 1.0
	Shodan_Search 2.0
	Umbrella_Report 1.0
	PassiveTotal_Components 2.0
	AzureTokenRevoker 1.0
	MetaDefenderCore_GetReport 1.0
	Diario_GetReport 1.0
	MalwareClustering_Search 1.0
	Mnemonic_pDNS_Closed 3.0
	Splunk_Search_File_Filename 3.0
	HarfangLab-GetProcesses 1.0
	UnshortenLink 1.2
	Onyphe_Summary 1.0
	AnyRun_Sandbox_Analysis 1.0
	HarfangLab-GetArtifactEvtx 1.0

2024-03-23 23:08:54,793 [INFO] from org.thp.cortex.services.DockerJobRunnerSrv in main - Docker is available:
Info{architecture=x86_64, clusterStore=null, cgroupDriver=cgroupfs, containers=16, containersRunning=4, containersStopped=12, containersPaused=0, cpuCfsPeriod=true, cpuCfsQuota=true, debug=false, dockerRootDir=/var/lib/docker, storageDriver=overlay2, driverStatus=[[Backing Filesystem, extfs], [Supports d_type, true], [Using metacopy, false], [Native Overlay Diff, true], [userxattr, false]], executionDriver=null, experimentalBuild=false, httpProxy=http.docker.internal:3128, httpsProxy=http.docker.internal:3128, id=bb294937-7a53-457c-beed-7691ff4b4eed, ipv4Forwarding=true, images=90, indexServerAddress=https://index.docker.io/v1/, initPath=null, initSha1=null, kernelMemory=null, kernelVersion=5.10.16.3-microsoft-standard-WSL2, labels=[], memTotal=10345766912, memoryLimit=true, cpus=8, eventsListener=12, fileDescriptors=90, goroutines=129, name=docker-desktop, noProxy=hubproxy.docker.internal, oomKillDisable=true, operatingSystem=Docker Desktop, osType=linux, plugins=Plugins{volumes=[local], networks=[bridge, host, ipvlan, macvlan, null, overlay]}, registryConfig=RegistryConfig{indexConfigs={docker.io=IndexConfig{name=docker.io, mirrors=[], secure=true, official=true}, hubproxy.docker.internal:5555=IndexConfig{name=hubproxy.docker.internal:5555, mirrors=[], secure=false, official=false}}, insecureRegistryCidrs=[127.0.0.0/8]}, serverVersion=24.0.2, swapLimit=true, swarm=SwarmInfo{cluster=null, controlAvailable=false, error=, localNodeState=inactive, nodeAddr=, nodeId=, nodes=null, managers=null, remoteManagers=null}, systemStatus=[], systemTime=Sat Mar 23 23:08:53 UTC 2024}
2024-03-23 23:08:54,865 [WARN] from org.thp.cortex.services.JobRunnerSrv in main - The package cortexutils for python hasn't been found
2024-03-23 23:08:54,882 [WARN] from org.thp.cortex.services.JobRunnerSrv in main - The package cortexutils for python2 hasn't been found
2024-03-23 23:08:54,885 [WARN] from org.thp.cortex.services.JobRunnerSrv in main - The package cortexutils for python3 hasn't been found
2024-03-23 23:08:55,447 [INFO] from com.sksamuel.elastic4s.http.JavaClient$ in main - Creating HTTP client on http://172.24.0.2:9200
2024-03-23 23:08:57,304 [WARN] from org.elastic4play.database.SearchWithScroll in application-akka.actor.default-dispatcher-7 - Search error
com.sksamuel.elastic4s.http.JavaClientExceptionWrapper: java.net.ConnectException: Connection refused
	at com.sksamuel.elastic4s.http.JavaClient$$anon$1.onFailure(JavaClient.scala:70)
	at org.elasticsearch.client.RestClient$FailureTrackingResponseListener.onDefinitiveFailure(RestClient.java:668)
	at org.elasticsearch.client.RestClient$1.failed(RestClient.java:417)
	at org.apache.http.concurrent.BasicFuture.failed(BasicFuture.java:137)
	at org.apache.http.impl.nio.client.DefaultClientExchangeHandlerImpl.executionFailed(DefaultClientExchangeHandlerImpl.java:101)
	at org.apache.http.impl.nio.client.AbstractClientExchangeHandler.failed(AbstractClientExchangeHandler.java:426)
	at org.apache.http.impl.nio.client.AbstractClientExchangeHandler.connectionRequestFailed(AbstractClientExchangeHandler.java:348)
	at org.apache.http.impl.nio.client.AbstractClientExchangeHandler.access$100(AbstractClientExchangeHandler.java:62)
	at org.apache.http.impl.nio.client.AbstractClientExchangeHandler$1.failed(AbstractClientExchangeHandler.java:392)
	at org.apache.http.concurrent.BasicFuture.failed(BasicFuture.java:137)
	at org.apache.http.impl.nio.conn.PoolingNHttpClientConnectionManager$1.failed(PoolingNHttpClientConnectionManager.java:316)
	at org.apache.http.concurrent.BasicFuture.failed(BasicFuture.java:137)
	at org.apache.http.nio.pool.RouteSpecificPool.failed(RouteSpecificPool.java:162)
	at org.apache.http.nio.pool.AbstractNIOConnPool.requestFailed(AbstractNIOConnPool.java:609)
	at org.apache.http.nio.pool.AbstractNIOConnPool$InternalSessionRequestCallback.failed(AbstractNIOConnPool.java:889)
	at org.apache.http.impl.nio.reactor.SessionRequestImpl.failed(SessionRequestImpl.java:162)
	at org.apache.http.impl.nio.reactor.DefaultConnectingIOReactor.processEvent(DefaultConnectingIOReactor.java:176)
	at org.apache.http.impl.nio.reactor.DefaultConnectingIOReactor.processEvents(DefaultConnectingIOReactor.java:148)
	at org.apache.http.impl.nio.reactor.AbstractMultiworkerIOReactor.execute(AbstractMultiworkerIOReactor.java:351)
	at org.apache.http.impl.nio.conn.PoolingNHttpClientConnectionManager.execute(PoolingNHttpClientConnectionManager.java:221)
	at org.apache.http.impl.nio.client.CloseableHttpAsyncClientBase$1.run(CloseableHttpAsyncClientBase.java:64)
	at java.base/java.lang.Thread.run(Thread.java:829)
Caused by: java.net.ConnectException: Connection refused
	at java.base/sun.nio.ch.SocketChannelImpl.checkConnect(Native Method)
	at java.base/sun.nio.ch.SocketChannelImpl.finishConnect(SocketChannelImpl.java:777)
	at org.apache.http.impl.nio.reactor.DefaultConnectingIOReactor.processEvent(DefaultConnectingIOReactor.java:174)
	... 5 common frames omitted
2024-03-23 23:08:57,455 [INFO] from play.api.Play in main - Application started (Prod) (no global state)
2024-03-23 23:09:02,981 [INFO] from play.core.server.AkkaHttpServer in main - Enabling HTTP/2 on Akka HTTP server...
2024-03-23 23:09:02,983 [INFO] from play.core.server.AkkaHttpServer in main - Listening for HTTP on /0.0.0.0:9001
2024-03-23 23:23:49,017 [INFO] from org.thp.cortex.services.AccessLogFilter in application-akka.actor.default-dispatcher-16 - 172.24.0.1 GET /assets/styles/css/app.e226c3c6dec2a7e3f2ce.css took 154ms and returned 404 71 bytes
2024-03-23 23:23:49,017 [INFO] from org.thp.cortex.services.AccessLogFilter in application-akka.actor.default-dispatcher-12 - 172.24.0.1 GET /app.e226c3c6dec2a7e3f2ce.js took 160ms and returned 404 71 bytes
2024-03-30 00:14:27,594 [INFO] from org.reflections.Reflections in main - Reflections took 812 ms to scan 2 urls, producing 102 keys and 701 values
2024-03-30 00:14:27,704 [INFO] from module in main - Loading model class org.thp.cortex.models.AuditModel
2024-03-30 00:14:27,722 [INFO] from module in main - Loading model class org.thp.cortex.models.OrganizationModel
2024-03-30 00:14:27,722 [INFO] from module in main - Loading model class org.thp.cortex.models.WorkerModel
2024-03-30 00:14:27,723 [INFO] from module in main - Loading model class org.thp.cortex.models.ArtifactModel
2024-03-30 00:14:27,723 [INFO] from module in main - Loading model class org.elastic4play.services.AttachmentModel
2024-03-30 00:14:27,723 [INFO] from module in main - Loading model class org.thp.cortex.models.UserModel
2024-03-30 00:14:27,723 [INFO] from module in main - Loading model class org.thp.cortex.models.ReportModel
2024-03-30 00:14:27,724 [INFO] from module in main - Loading model class org.thp.cortex.models.JobModel
2024-03-30 00:14:27,724 [INFO] from module in main - Loading model class org.thp.cortex.models.WorkerConfigModel
2024-03-30 00:14:27,724 [INFO] from module in main - Loading model class org.elastic4play.services.DBListModel
2024-03-30 00:14:27,759 [INFO] from module in main - Loading authentication module class org.elastic4play.services.auth.LdapAuthSrv
2024-03-30 00:14:27,759 [INFO] from module in main - Loading authentication module class org.thp.cortex.services.KeyAuthSrv
2024-03-30 00:14:27,760 [INFO] from module in main - Loading authentication module class org.thp.cortex.services.LocalAuthSrv
2024-03-30 00:14:27,760 [INFO] from module in main - Loading authentication module class org.thp.cortex.services.OAuth2Srv
2024-03-30 00:14:27,760 [INFO] from module in main - Loading authentication module class org.elastic4play.services.auth.ADAuthSrv
2024-03-30 00:14:34,596 [INFO] from akka.event.slf4j.Slf4jLogger in application-akka.actor.default-dispatcher-6 - Slf4jLogger started
2024-03-30 00:14:43,992 [INFO] from org.thp.cortex.services.DockerJobRunnerSrv in main - Docker is available:
Info{architecture=x86_64, clusterStore=null, cgroupDriver=cgroupfs, containers=16, containersRunning=3, containersStopped=13, containersPaused=0, cpuCfsPeriod=true, cpuCfsQuota=true, debug=false, dockerRootDir=/var/lib/docker, storageDriver=overlay2, driverStatus=[[Backing Filesystem, extfs], [Supports d_type, true], [Using metacopy, false], [Native Overlay Diff, true], [userxattr, false]], executionDriver=null, experimentalBuild=false, httpProxy=http.docker.internal:3128, httpsProxy=http.docker.internal:3128, id=bb294937-7a53-457c-beed-7691ff4b4eed, ipv4Forwarding=true, images=91, indexServerAddress=https://index.docker.io/v1/, initPath=null, initSha1=null, kernelMemory=null, kernelVersion=5.15.146.1-microsoft-standard-WSL2, labels=[], memTotal=10334842880, memoryLimit=true, cpus=8, eventsListener=15, fileDescriptors=78, goroutines=111, name=docker-desktop, noProxy=hubproxy.docker.internal, oomKillDisable=true, operatingSystem=Docker Desktop, osType=linux, plugins=Plugins{volumes=[local], networks=[bridge, host, ipvlan, macvlan, null, overlay]}, registryConfig=RegistryConfig{indexConfigs={docker.io=IndexConfig{name=docker.io, mirrors=[], secure=true, official=true}, hubproxy.docker.internal:5555=IndexConfig{name=hubproxy.docker.internal:5555, mirrors=[], secure=false, official=false}}, insecureRegistryCidrs=[127.0.0.0/8]}, serverVersion=25.0.3, swapLimit=true, swarm=SwarmInfo{cluster=null, controlAvailable=false, error=, localNodeState=inactive, nodeAddr=, nodeId=, nodes=null, managers=null, remoteManagers=null}, systemStatus=[], systemTime=Sat Mar 30 00:14:43 UTC 2024}
2024-03-30 00:14:44,119 [WARN] from org.thp.cortex.services.JobRunnerSrv in main - The package cortexutils for python hasn't been found
2024-03-30 00:14:44,124 [WARN] from org.thp.cortex.services.JobRunnerSrv in main - The package cortexutils for python2 hasn't been found
2024-03-30 00:14:44,127 [WARN] from org.thp.cortex.services.JobRunnerSrv in main - The package cortexutils for python3 hasn't been found
2024-03-30 00:14:45,078 [INFO] from com.sksamuel.elastic4s.http.JavaClient$ in main - Creating HTTP client on http://172.24.0.3:9200
2024-03-30 00:14:46,618 [WARN] from org.elastic4play.database.SearchWithScroll in application-akka.actor.default-dispatcher-9 - Search error
com.sksamuel.elastic4s.http.JavaClientExceptionWrapper: java.net.ConnectException: Connection refused
	at com.sksamuel.elastic4s.http.JavaClient$$anon$1.onFailure(JavaClient.scala:70)
	at org.elasticsearch.client.RestClient$FailureTrackingResponseListener.onDefinitiveFailure(RestClient.java:668)
	at org.elasticsearch.client.RestClient$1.failed(RestClient.java:417)
	at org.apache.http.concurrent.BasicFuture.failed(BasicFuture.java:137)
	at org.apache.http.impl.nio.client.DefaultClientExchangeHandlerImpl.executionFailed(DefaultClientExchangeHandlerImpl.java:101)
	at org.apache.http.impl.nio.client.AbstractClientExchangeHandler.failed(AbstractClientExchangeHandler.java:426)
	at org.apache.http.impl.nio.client.AbstractClientExchangeHandler.connectionRequestFailed(AbstractClientExchangeHandler.java:348)
	at org.apache.http.impl.nio.client.AbstractClientExchangeHandler.access$100(AbstractClientExchangeHandler.java:62)
	at org.apache.http.impl.nio.client.AbstractClientExchangeHandler$1.failed(AbstractClientExchangeHandler.java:392)
	at org.apache.http.concurrent.BasicFuture.failed(BasicFuture.java:137)
	at org.apache.http.impl.nio.conn.PoolingNHttpClientConnectionManager$1.failed(PoolingNHttpClientConnectionManager.java:316)
	at org.apache.http.concurrent.BasicFuture.failed(BasicFuture.java:137)
	at org.apache.http.nio.pool.RouteSpecificPool.failed(RouteSpecificPool.java:162)
	at org.apache.http.nio.pool.AbstractNIOConnPool.requestFailed(AbstractNIOConnPool.java:609)
	at org.apache.http.nio.pool.AbstractNIOConnPool$InternalSessionRequestCallback.failed(AbstractNIOConnPool.java:889)
	at org.apache.http.impl.nio.reactor.SessionRequestImpl.failed(SessionRequestImpl.java:162)
	at org.apache.http.impl.nio.reactor.DefaultConnectingIOReactor.processEvent(DefaultConnectingIOReactor.java:176)
	at org.apache.http.impl.nio.reactor.DefaultConnectingIOReactor.processEvents(DefaultConnectingIOReactor.java:148)
	at org.apache.http.impl.nio.reactor.AbstractMultiworkerIOReactor.execute(AbstractMultiworkerIOReactor.java:351)
	at org.apache.http.impl.nio.conn.PoolingNHttpClientConnectionManager.execute(PoolingNHttpClientConnectionManager.java:221)
	at org.apache.http.impl.nio.client.CloseableHttpAsyncClientBase$1.run(CloseableHttpAsyncClientBase.java:64)
	at java.base/java.lang.Thread.run(Thread.java:829)
Caused by: java.net.ConnectException: Connection refused
	at java.base/sun.nio.ch.SocketChannelImpl.checkConnect(Native Method)
	at java.base/sun.nio.ch.SocketChannelImpl.finishConnect(SocketChannelImpl.java:777)
	at org.apache.http.impl.nio.reactor.DefaultConnectingIOReactor.processEvent(DefaultConnectingIOReactor.java:174)
	... 5 common frames omitted
2024-03-30 00:14:46,789 [INFO] from play.api.Play in main - Application started (Prod) (no global state)
2024-03-30 00:14:48,627 [WARN] from org.thp.cortex.services.WorkerSrv in application-akka.actor.default-dispatcher-7 - Worker path (https://download.thehive-project.org/responders.json) is not found
java.net.UnknownHostException: download.thehive-project.org: Temporary failure in name resolution
	at java.base/java.net.Inet4AddressImpl.lookupAllHostAddr(Native Method)
	at java.base/java.net.InetAddress$PlatformNameService.lookupAllHostAddr(InetAddress.java:930)
	at java.base/java.net.InetAddress.getAddressesFromNameService(InetAddress.java:1543)
	at java.base/java.net.InetAddress$NameServiceAddresses.get(InetAddress.java:848)
	at java.base/java.net.InetAddress.getAllByName0(InetAddress.java:1533)
	at java.base/java.net.InetAddress.getAllByName(InetAddress.java:1386)
	at java.base/java.net.InetAddress.getAllByName(InetAddress.java:1307)
	at play.shaded.ahc.io.netty.util.internal.SocketUtils$9.run(SocketUtils.java:161)
	at play.shaded.ahc.io.netty.util.internal.SocketUtils$9.run(SocketUtils.java:158)
	at java.base/java.security.AccessController.doPrivileged(Native Method)
	at play.shaded.ahc.io.netty.util.internal.SocketUtils.allAddressesByName(SocketUtils.java:158)
	at play.shaded.ahc.io.netty.resolver.DefaultNameResolver.doResolveAll(DefaultNameResolver.java:52)
	at play.shaded.ahc.io.netty.resolver.SimpleNameResolver.resolveAll(SimpleNameResolver.java:81)
	at play.shaded.ahc.io.netty.resolver.SimpleNameResolver.resolveAll(SimpleNameResolver.java:73)
	at play.shaded.ahc.org.asynchttpclient.resolver.RequestHostnameResolver.resolve(RequestHostnameResolver.java:50)
	at play.shaded.ahc.org.asynchttpclient.netty.request.NettyRequestSender.resolveAddresses(NettyRequestSender.java:357)
	at play.shaded.ahc.org.asynchttpclient.netty.request.NettyRequestSender.sendRequestWithNewChannel(NettyRequestSender.java:300)
	at play.shaded.ahc.org.asynchttpclient.netty.request.NettyRequestSender.sendRequestWithCertainForceConnect(NettyRequestSender.java:142)
	at play.shaded.ahc.org.asynchttpclient.netty.request.NettyRequestSender.sendRequest(NettyRequestSender.java:113)
	at play.shaded.ahc.org.asynchttpclient.DefaultAsyncHttpClient.execute(DefaultAsyncHttpClient.java:241)
	at play.shaded.ahc.org.asynchttpclient.DefaultAsyncHttpClient.executeRequest(DefaultAsyncHttpClient.java:210)
	at play.api.libs.ws.ahc.StandaloneAhcWSClient.execute(StandaloneAhcWSClient.scala:90)
	at play.api.libs.ws.ahc.StandaloneAhcWSRequest.$anonfun$execute$1(StandaloneAhcWSRequest.scala:216)
	at play.api.libs.ws.WSRequestExecutor$$anon$2.apply(WSRequestFilter.scala:52)
	at play.api.libs.ws.WSRequestExecutor$$anon$2.apply(WSRequestFilter.scala:51)
	at play.api.libs.ws.ahc.StandaloneAhcWSRequest.execute(StandaloneAhcWSRequest.scala:219)
	at play.api.libs.ws.ahc.AhcWSRequest.execute(AhcWSRequest.scala:262)
	at play.api.libs.ws.ahc.AhcWSRequest.execute(AhcWSRequest.scala:258)
	at play.api.libs.ws.ahc.AhcWSRequest.get(AhcWSRequest.scala:246)
	at org.thp.cortex.services.WorkerSrv.readUrl$1(WorkerSrv.scala:154)
	at org.thp.cortex.services.WorkerSrv.$anonfun$scan$22(WorkerSrv.scala:201)
	at scala.concurrent.Future.$anonfun$flatMap$1(Future.scala:307)
	at scala.concurrent.impl.Promise.$anonfun$transformWith$1(Promise.scala:41)
	at scala.concurrent.impl.CallbackRunnable.run(Promise.scala:64)
	at akka.dispatch.BatchingExecutor$AbstractBatch.processBatch(BatchingExecutor.scala:63)
	at akka.dispatch.BatchingExecutor$BlockableBatch.$anonfun$run$1(BatchingExecutor.scala:100)
	at scala.runtime.java8.JFunction0$mcV$sp.apply(JFunction0$mcV$sp.java:23)
	at scala.concurrent.BlockContext$.withBlockContext(BlockContext.scala:85)
	at akka.dispatch.BatchingExecutor$BlockableBatch.run(BatchingExecutor.scala:100)
	at akka.dispatch.TaskInvocation.run(AbstractDispatcher.scala:49)
	at akka.dispatch.ForkJoinExecutorConfigurator$AkkaForkJoinTask.exec(ForkJoinExecutorConfigurator.scala:48)
	at java.base/java.util.concurrent.ForkJoinTask.doExec(ForkJoinTask.java:290)
	at java.base/java.util.concurrent.ForkJoinPool$WorkQueue.topLevelExec(ForkJoinPool.java:1020)
	at java.base/java.util.concurrent.ForkJoinPool.scan(ForkJoinPool.java:1656)
	at java.base/java.util.concurrent.ForkJoinPool.runWorker(ForkJoinPool.java:1594)
	at java.base/java.util.concurrent.ForkJoinWorkerThread.run(ForkJoinWorkerThread.java:183)
2024-03-30 00:14:48,620 [WARN] from org.thp.cortex.services.WorkerSrv in application-akka.actor.default-dispatcher-6 - Worker path (https://download.thehive-project.org/analyzers.json) is not found
java.net.UnknownHostException: download.thehive-project.org
	at java.base/java.net.InetAddress$CachedAddresses.get(InetAddress.java:797)
	at java.base/java.net.InetAddress$NameServiceAddresses.get(InetAddress.java:883)
	at java.base/java.net.InetAddress.getAllByName0(InetAddress.java:1533)
	at java.base/java.net.InetAddress.getAllByName(InetAddress.java:1386)
	at java.base/java.net.InetAddress.getAllByName(InetAddress.java:1307)
	at play.shaded.ahc.io.netty.util.internal.SocketUtils$9.run(SocketUtils.java:161)
	at play.shaded.ahc.io.netty.util.internal.SocketUtils$9.run(SocketUtils.java:158)
	at java.base/java.security.AccessController.doPrivileged(Native Method)
	at play.shaded.ahc.io.netty.util.internal.SocketUtils.allAddressesByName(SocketUtils.java:158)
	at play.shaded.ahc.io.netty.resolver.DefaultNameResolver.doResolveAll(DefaultNameResolver.java:52)
	at play.shaded.ahc.io.netty.resolver.SimpleNameResolver.resolveAll(SimpleNameResolver.java:81)
	at play.shaded.ahc.io.netty.resolver.SimpleNameResolver.resolveAll(SimpleNameResolver.java:73)
	at play.shaded.ahc.org.asynchttpclient.resolver.RequestHostnameResolver.resolve(RequestHostnameResolver.java:50)
	at play.shaded.ahc.org.asynchttpclient.netty.request.NettyRequestSender.resolveAddresses(NettyRequestSender.java:357)
	at play.shaded.ahc.org.asynchttpclient.netty.request.NettyRequestSender.sendRequestWithNewChannel(NettyRequestSender.java:300)
	at play.shaded.ahc.org.asynchttpclient.netty.request.NettyRequestSender.sendRequestWithCertainForceConnect(NettyRequestSender.java:142)
	at play.shaded.ahc.org.asynchttpclient.netty.request.NettyRequestSender.sendRequest(NettyRequestSender.java:113)
	at play.shaded.ahc.org.asynchttpclient.DefaultAsyncHttpClient.execute(DefaultAsyncHttpClient.java:241)
	at play.shaded.ahc.org.asynchttpclient.DefaultAsyncHttpClient.executeRequest(DefaultAsyncHttpClient.java:210)
	at play.api.libs.ws.ahc.StandaloneAhcWSClient.execute(StandaloneAhcWSClient.scala:90)
	at play.api.libs.ws.ahc.StandaloneAhcWSRequest.$anonfun$execute$1(StandaloneAhcWSRequest.scala:216)
	at play.api.libs.ws.WSRequestExecutor$$anon$2.apply(WSRequestFilter.scala:52)
	at play.api.libs.ws.WSRequestExecutor$$anon$2.apply(WSRequestFilter.scala:51)
	at play.api.libs.ws.ahc.StandaloneAhcWSRequest.execute(StandaloneAhcWSRequest.scala:219)
	at play.api.libs.ws.ahc.AhcWSRequest.execute(AhcWSRequest.scala:262)
	at play.api.libs.ws.ahc.AhcWSRequest.execute(AhcWSRequest.scala:258)
	at play.api.libs.ws.ahc.AhcWSRequest.get(AhcWSRequest.scala:246)
	at org.thp.cortex.services.WorkerSrv.readUrl$1(WorkerSrv.scala:154)
	at org.thp.cortex.services.WorkerSrv.$anonfun$scan$22(WorkerSrv.scala:201)
	at scala.concurrent.Future.$anonfun$flatMap$1(Future.scala:307)
	at scala.concurrent.impl.Promise.$anonfun$transformWith$1(Promise.scala:41)
	at scala.concurrent.impl.CallbackRunnable.run(Promise.scala:64)
	at akka.dispatch.BatchingExecutor$AbstractBatch.processBatch(BatchingExecutor.scala:63)
	at akka.dispatch.BatchingExecutor$BlockableBatch.$anonfun$run$1(BatchingExecutor.scala:100)
	at scala.runtime.java8.JFunction0$mcV$sp.apply(JFunction0$mcV$sp.java:23)
	at scala.concurrent.BlockContext$.withBlockContext(BlockContext.scala:85)
	at akka.dispatch.BatchingExecutor$BlockableBatch.run(BatchingExecutor.scala:100)
	at akka.dispatch.TaskInvocation.run(AbstractDispatcher.scala:49)
	at akka.dispatch.ForkJoinExecutorConfigurator$AkkaForkJoinTask.exec(ForkJoinExecutorConfigurator.scala:48)
	at java.base/java.util.concurrent.ForkJoinTask.doExec(ForkJoinTask.java:290)
	at java.base/java.util.concurrent.ForkJoinPool$WorkQueue.topLevelExec(ForkJoinPool.java:1020)
	at java.base/java.util.concurrent.ForkJoinPool.scan(ForkJoinPool.java:1656)
	at java.base/java.util.concurrent.ForkJoinPool.runWorker(ForkJoinPool.java:1594)
	at java.base/java.util.concurrent.ForkJoinWorkerThread.run(ForkJoinWorkerThread.java:183)
2024-03-30 00:14:48,646 [INFO] from org.thp.cortex.services.WorkerSrv in application-akka.actor.default-dispatcher-6 - New worker list:

	

2024-03-30 00:14:49,218 [INFO] from play.core.server.AkkaHttpServer in main - Enabling HTTP/2 on Akka HTTP server...
2024-03-30 00:14:49,220 [INFO] from play.core.server.AkkaHttpServer in main - Listening for HTTP on /0.0.0.0:9001
2024-03-30 00:23:47,668 [INFO] from org.thp.cortex.services.AccessLogFilter in application-akka.actor.default-dispatcher-15 - 172.24.0.1 GET / took 21ms and returned 303 0 bytes
2024-03-30 00:23:47,795 [INFO] from org.thp.cortex.services.AccessLogFilter in application-akka.actor.default-dispatcher-17 - 172.24.0.1 GET /index.html took 72ms and returned 200 1254 bytes
2024-03-30 00:23:47,873 [INFO] from org.thp.cortex.services.AccessLogFilter in application-akka.actor.default-dispatcher-10 - 172.24.0.1 GET /assets/styles/css/app.c1f34f54314be47309d2.css took 9ms and returned 200 11370408 bytes
2024-03-30 00:23:47,899 [INFO] from org.thp.cortex.services.AccessLogFilter in application-akka.actor.default-dispatcher-10 - 172.24.0.1 GET /app.c1f34f54314be47309d2.js took 10ms and returned 200 2754871 bytes
2024-03-30 00:23:48,184 [INFO] from org.thp.cortex.services.AccessLogFilter in application-akka.actor.default-dispatcher-31 - 172.24.0.1 GET /app.c1f34f54314be47309d2.js took 6ms and returned 200 2754871 bytes
2024-03-30 00:23:48,890 [WARN] from play.api.mvc.DefaultJWTCookieDataCodec in application-akka.actor.default-dispatcher-22 - decode: cookie has invalid signature! message = JWT signature does not match locally computed signature. JWT validity cannot be asserted and should not be trusted.
2024-03-30 00:23:49,125 [ERROR] from org.elastic4play.database.DBConfiguration in application-akka.actor.default-dispatcher-22 - ElasticSearch request failure: POST /cortex_6/_search
{"query":{"match":{"relations":{"query":"user"}}},"size":0}
 => ElasticError(index_not_found_exception,no such index [cortex_6],Some(_na_),Some(cortex_6),None,List(ElasticError(index_not_found_exception,no such index [cortex_6],Some(_na_),Some(cortex_6),None,null,None,None,None,List())),None,None,None,List())
2024-03-30 00:23:49,138 [ERROR] from org.elastic4play.database.DBConfiguration in application-akka.actor.default-dispatcher-22 - ElasticSearch request failure: POST /cortex_6/_search
{"seq_no_primary_term":"true","query":{"ids":{"values":["init"]}},"size":1}
 => ElasticError(index_not_found_exception,no such index [cortex_6],Some(_na_),Some(cortex_6),None,List(ElasticError(index_not_found_exception,no such index [cortex_6],Some(_na_),Some(cortex_6),None,null,None,None,None,List())),None,None,None,List())
2024-03-30 00:23:49,142 [WARN] from org.thp.cortex.services.ErrorHandler in application-akka.actor.default-dispatcher-22 - GET /api/user/current returned 520
2024-03-30 00:23:49,152 [INFO] from org.thp.cortex.services.AccessLogFilter in application-akka.actor.default-dispatcher-22 - 172.24.0.1 GET /api/user/current took 479ms and returned 520 4 bytes
2024-03-30 00:23:49,187 [WARN] from play.api.mvc.DefaultJWTCookieDataCodec in application-akka.actor.default-dispatcher-22 - decode: cookie has invalid signature! message = JWT signature does not match locally computed signature. JWT validity cannot be asserted and should not be trusted.
2024-03-30 00:23:49,207 [ERROR] from org.elastic4play.database.DBConfiguration in application-akka.actor.default-dispatcher-22 - ElasticSearch request failure: POST /cortex_6/_search
{"query":{"match":{"relations":{"query":"user"}}},"size":0}
 => ElasticError(index_not_found_exception,no such index [cortex_6],Some(_na_),Some(cortex_6),None,List(ElasticError(index_not_found_exception,no such index [cortex_6],Some(_na_),Some(cortex_6),None,null,None,None,None,List())),None,None,None,List())
2024-03-30 00:23:49,213 [INFO] from org.thp.cortex.services.AccessLogFilter in application-akka.actor.default-dispatcher-22 - 172.24.0.1 POST /api/stream took 21ms and returned 200 10 bytes
2024-03-30 00:23:49,227 [WARN] from play.api.mvc.DefaultJWTCookieDataCodec in application-akka.actor.default-dispatcher-17 - decode: cookie has invalid signature! message = JWT signature does not match locally computed signature. JWT validity cannot be asserted and should not be trusted.
2024-03-30 00:23:49,235 [ERROR] from org.elastic4play.database.DBConfiguration in application-akka.actor.default-dispatcher-31 - ElasticSearch request failure: POST /cortex_6/_search
{"query":{"match":{"relations":{"query":"user"}}},"size":0}
 => ElasticError(index_not_found_exception,no such index [cortex_6],Some(_na_),Some(cortex_6),None,List(ElasticError(index_not_found_exception,no such index [cortex_6],Some(_na_),Some(cortex_6),None,null,None,None,None,List())),None,None,None,List())
2024-03-30 00:23:50,466 [WARN] from play.api.mvc.DefaultJWTCookieDataCodec in application-akka.actor.default-dispatcher-17 - decode: cookie has invalid signature! message = JWT signature does not match locally computed signature. JWT validity cannot be asserted and should not be trusted.
2024-03-30 00:23:50,491 [INFO] from com.sksamuel.elastic4s.http.JavaClient$ in application-akka.actor.default-dispatcher-22 - Creating HTTP client on http://172.24.0.3:9200
2024-03-30 00:23:50,500 [INFO] from com.sksamuel.elastic4s.http.JavaClient$ in application-akka.actor.default-dispatcher-22 - Creating HTTP client on http://172.24.0.3:9200
2024-03-30 00:23:50,508 [INFO] from com.sksamuel.elastic4s.http.JavaClient$ in application-akka.actor.default-dispatcher-22 - Creating HTTP client on http://172.24.0.3:9200
2024-03-30 00:23:50,516 [INFO] from com.sksamuel.elastic4s.http.JavaClient$ in application-akka.actor.default-dispatcher-22 - Creating HTTP client on http://172.24.0.3:9200
2024-03-30 00:23:50,525 [INFO] from com.sksamuel.elastic4s.http.JavaClient$ in application-akka.actor.default-dispatcher-22 - Creating HTTP client on http://172.24.0.3:9200
2024-03-30 00:23:50,534 [INFO] from org.elastic4play.services.MigrationSrv in application-akka.actor.default-dispatcher-22 - Create a new empty database
2024-03-30 00:23:50,535 [INFO] from org.elastic4play.services.MigrationSrv in application-akka.actor.default-dispatcher-22 - Migrate database from version 0, add operations for version 2
2024-03-30 00:23:50,546 [INFO] from org.elastic4play.services.MigrationSrv in application-akka.actor.default-dispatcher-22 - Migrate database from version 0, add operations for version 3
2024-03-30 00:23:50,546 [INFO] from org.elastic4play.services.MigrationSrv in application-akka.actor.default-dispatcher-22 - Migrate database from version 0, add operations for version 4
2024-03-30 00:23:50,547 [INFO] from org.elastic4play.services.MigrationSrv in application-akka.actor.default-dispatcher-22 - Migrate database from version 0, add operations for version 5
2024-03-30 00:23:50,547 [INFO] from org.elastic4play.services.MigrationSrv in application-akka.actor.default-dispatcher-22 - Migrate database from version 0, add operations for version 6
2024-03-30 00:23:52,609 [WARN] from org.elasticsearch.client.RestClient in I/O dispatcher 1 - request [PUT http://172.24.0.3:9200/cortex_6?include_type_name=false] returned 1 warnings: [299 Elasticsearch-7.11.1-ff17057114c2199c9c1bbecc727003a907c0db7a "[types removal] Using include_type_name in create index requests is deprecated. The parameter will be removed in the next major version."]
2024-03-30 00:23:52,626 [INFO] from org.elastic4play.services.MigrationSrv in application-akka.actor.default-dispatcher-17 - Migrating 0 entities from sequence
2024-03-30 00:23:52,657 [INFO] from org.elastic4play.services.MigrationSrv in application-akka.actor.default-dispatcher-17 - Migrating 0 entities from artifact
2024-03-30 00:23:52,660 [INFO] from org.elastic4play.services.MigrationSrv in application-akka.actor.default-dispatcher-17 - Migrating 0 entities from audit
2024-03-30 00:23:52,663 [INFO] from org.elastic4play.services.MigrationSrv in application-akka.actor.default-dispatcher-17 - Migrating 0 entities from data
2024-03-30 00:23:52,665 [INFO] from org.elastic4play.services.MigrationSrv in application-akka.actor.default-dispatcher-17 - Migrating 0 entities from dblist
2024-03-30 00:23:52,667 [INFO] from org.elastic4play.services.MigrationSrv in application-akka.actor.default-dispatcher-17 - Migrating 0 entities from job
2024-03-30 00:23:52,671 [INFO] from org.elastic4play.services.MigrationSrv in application-akka.actor.default-dispatcher-17 - Migrating 0 entities from organization
2024-03-30 00:23:52,673 [INFO] from org.elastic4play.services.MigrationSrv in application-akka.actor.default-dispatcher-17 - Migrating 0 entities from report
2024-03-30 00:23:52,676 [INFO] from org.elastic4play.services.MigrationSrv in application-akka.actor.default-dispatcher-17 - Migrating 0 entities from user
2024-03-30 00:23:52,678 [INFO] from org.elastic4play.services.MigrationSrv in application-akka.actor.default-dispatcher-17 - Migrating 0 entities from worker
2024-03-30 00:23:52,680 [INFO] from org.elastic4play.services.MigrationSrv in application-akka.actor.default-dispatcher-17 - Migrating 0 entities from workerConfig
2024-03-30 00:23:53,273 [INFO] from org.elastic4play.services.MigrationSrv in application-akka.actor.default-dispatcher-30 - End of migration
2024-03-30 00:23:53,274 [INFO] from org.thp.cortex.services.AccessLogFilter in application-akka.actor.default-dispatcher-30 - 172.24.0.1 POST /api/maintenance/migrate took 2808ms and returned 204 0 bytes
2024-03-30 00:23:53,808 [INFO] from org.thp.cortex.services.AccessLogFilter in application-akka.actor.default-dispatcher-22 - 172.24.0.1 GET /api/stream/TpTTPMlMfX took 4583ms and returned 200 700 bytes
2024-03-30 00:23:53,821 [WARN] from play.api.mvc.DefaultJWTCookieDataCodec in application-akka.actor.default-dispatcher-10 - decode: cookie has invalid signature! message = JWT signature does not match locally computed signature. JWT validity cannot be asserted and should not be trusted.
2024-03-30 00:23:53,822 [WARN] from play.api.mvc.DefaultJWTCookieDataCodec in application-akka.actor.default-dispatcher-17 - decode: cookie has invalid signature! message = JWT signature does not match locally computed signature. JWT validity cannot be asserted and should not be trusted.
2024-03-30 00:23:54,075 [INFO] from org.thp.cortex.services.AccessLogFilter in application-akka.actor.default-dispatcher-22 - 172.24.0.1 POST /api/user/_search took 253ms and returned 200 
2024-03-30 00:24:12,820 [WARN] from play.api.mvc.DefaultJWTCookieDataCodec in application-akka.actor.default-dispatcher-10 - decode: cookie has invalid signature! message = JWT signature does not match locally computed signature. JWT validity cannot be asserted and should not be trusted.
2024-03-30 00:24:13,951 [INFO] from org.thp.cortex.services.AccessLogFilter in application-akka.actor.default-dispatcher-16 - 172.24.0.1 GET /api/stream/TpTTPMlMfX took 20132ms and returned 200 2 bytes
2024-03-30 00:24:13,981 [WARN] from play.api.mvc.DefaultJWTCookieDataCodec in application-akka.actor.default-dispatcher-17 - decode: cookie has invalid signature! message = JWT signature does not match locally computed signature. JWT validity cannot be asserted and should not be trusted.
2024-03-30 00:24:13,997 [INFO] from org.thp.cortex.services.AccessLogFilter in application-akka.actor.default-dispatcher-10 - 172.24.0.1 GET /api/stream/TpTTPMlMfX took 18ms and returned 401 74 bytes
2024-03-30 00:24:14,815 [INFO] from org.thp.cortex.services.AccessLogFilter in application-akka.actor.default-dispatcher-10 - 172.24.0.1 POST /api/user took 1994ms and returned 201 273 bytes
2024-03-30 00:24:14,833 [WARN] from play.api.mvc.DefaultJWTCookieDataCodec in application-akka.actor.default-dispatcher-16 - decode: cookie has invalid signature! message = JWT signature does not match locally computed signature. JWT validity cannot be asserted and should not be trusted.
2024-03-30 00:24:14,848 [ERROR] from org.elastic4play.controllers.Authenticated in application-akka.actor.default-dispatcher-16 - Authentication failure:
	session: AuthenticationError User session not found
	pki: AuthenticationError Certificate authentication is not configured
	key: AuthenticationError Authentication header not found
	init: AuthenticationError Use of initial user is forbidden because users exist in database
2024-03-30 00:24:14,849 [INFO] from org.thp.cortex.services.AccessLogFilter in application-akka.actor.default-dispatcher-16 - 172.24.0.1 GET /api/user/current took 18ms and returned 401 65 bytes
2024-03-30 00:24:14,872 [INFO] from org.thp.cortex.services.AccessLogFilter in application-akka.actor.default-dispatcher-16 - 172.24.0.1 GET /api/status took 5ms and returned 200 278 bytes
2024-03-30 00:24:17,778 [WARN] from play.api.mvc.DefaultJWTCookieDataCodec in application-akka.actor.default-dispatcher-10 - decode: cookie has invalid signature! message = JWT signature does not match locally computed signature. JWT validity cannot be asserted and should not be trusted.
2024-03-30 00:24:17,799 [ERROR] from org.elastic4play.services.auth.MultiAuthSrv in application-akka.actor.default-dispatcher-22 - Authentication failure
org.elastic4play.NotFoundError: user admin not found
	at org.elastic4play.database.DBGet.$anonfun$apply$2(DBGet.scala:33)
	at scala.Option.fold(Option.scala:251)
	at org.elastic4play.database.DBGet.$anonfun$apply$1(DBGet.scala:33)
	at scala.util.Success.$anonfun$map$1(Try.scala:255)
	at scala.util.Success.map(Try.scala:213)
	at scala.concurrent.Future.$anonfun$map$1(Future.scala:292)
	at scala.concurrent.impl.Promise.liftedTree1$1(Promise.scala:33)
	at scala.concurrent.impl.Promise.$anonfun$transform$1(Promise.scala:33)
	at scala.concurrent.impl.CallbackRunnable.run(Promise.scala:64)
	at akka.dispatch.BatchingExecutor$AbstractBatch.processBatch(BatchingExecutor.scala:63)
	at akka.dispatch.BatchingExecutor$BlockableBatch.$anonfun$run$1(BatchingExecutor.scala:100)
	at scala.runtime.java8.JFunction0$mcV$sp.apply(JFunction0$mcV$sp.java:23)
	at scala.concurrent.BlockContext$.withBlockContext(BlockContext.scala:85)
	at akka.dispatch.BatchingExecutor$BlockableBatch.run(BatchingExecutor.scala:100)
	at akka.dispatch.TaskInvocation.run(AbstractDispatcher.scala:49)
	at akka.dispatch.ForkJoinExecutorConfigurator$AkkaForkJoinTask.exec(ForkJoinExecutorConfigurator.scala:48)
	at java.base/java.util.concurrent.ForkJoinTask.doExec(ForkJoinTask.java:290)
	at java.base/java.util.concurrent.ForkJoinPool$WorkQueue.topLevelExec(ForkJoinPool.java:1020)
	at java.base/java.util.concurrent.ForkJoinPool.scan(ForkJoinPool.java:1656)
	at java.base/java.util.concurrent.ForkJoinPool.runWorker(ForkJoinPool.java:1594)
	at java.base/java.util.concurrent.ForkJoinWorkerThread.run(ForkJoinWorkerThread.java:183)
2024-03-30 00:24:17,800 [INFO] from org.thp.cortex.services.AccessLogFilter in application-akka.actor.default-dispatcher-22 - 172.24.0.1 POST /api/login took 21ms and returned 401 65 bytes
2024-03-30 00:24:21,470 [WARN] from play.api.mvc.DefaultJWTCookieDataCodec in application-akka.actor.default-dispatcher-22 - decode: cookie has invalid signature! message = JWT signature does not match locally computed signature. JWT validity cannot be asserted and should not be trusted.
2024-03-30 00:24:21,496 [INFO] from org.thp.cortex.services.AccessLogFilter in application-akka.actor.default-dispatcher-16 - 172.24.0.1 POST /api/login took 26ms and returned 200 56 bytes
2024-03-30 00:24:21,521 [INFO] from org.thp.cortex.services.AccessLogFilter in application-akka.actor.default-dispatcher-16 - 172.24.0.1 GET /api/user/current took 7ms and returned 200 334 bytes
2024-03-30 00:24:21,537 [INFO] from org.thp.cortex.services.AccessLogFilter in application-akka.actor.default-dispatcher-10 - 172.24.0.1 GET /api/user/current took 4ms and returned 200 334 bytes
2024-03-30 00:24:21,541 [INFO] from org.thp.cortex.services.AccessLogFilter in application-akka.actor.default-dispatcher-17 - 172.24.0.1 GET /api/status took 2ms and returned 200 278 bytes
2024-03-30 00:24:21,640 [INFO] from org.thp.cortex.services.AccessLogFilter in application-akka.actor.default-dispatcher-17 - 172.24.0.1 POST /api/organization/_search?range=0-50 took 54ms and returned 200 
2024-03-30 00:24:21,669 [INFO] from org.thp.cortex.services.AccessLogFilter in application-akka.actor.default-dispatcher-22 - 172.24.0.1 GET /api/user/callistus took 11ms and returned 200 317 bytes
2024-03-30 00:24:31,586 [WARN] from org.thp.cortex.services.ErrorHandler in application-akka.actor.default-dispatcher-16 - GET /api/alert returned 403
2024-03-30 00:24:31,587 [INFO] from org.thp.cortex.services.AccessLogFilter in application-akka.actor.default-dispatcher-16 - 172.24.0.1 GET /api/alert took 4ms and returned 403 84 bytes
2024-03-30 00:24:42,087 [WARN] from org.thp.cortex.services.ErrorHandler in application-akka.actor.default-dispatcher-16 - GET /api/alert returned 403
2024-03-30 00:24:42,087 [INFO] from org.thp.cortex.services.AccessLogFilter in application-akka.actor.default-dispatcher-16 - 172.24.0.1 GET /api/alert took 3ms and returned 403 84 bytes
2024-03-30 00:24:52,091 [WARN] from org.thp.cortex.services.ErrorHandler in application-akka.actor.default-dispatcher-10 - GET /api/alert returned 403
2024-03-30 00:24:52,092 [INFO] from org.thp.cortex.services.AccessLogFilter in application-akka.actor.default-dispatcher-10 - 172.24.0.1 GET /api/alert took 4ms and returned 403 84 bytes
2024-03-30 00:25:01,589 [WARN] from org.thp.cortex.services.ErrorHandler in application-akka.actor.default-dispatcher-22 - GET /api/alert returned 403
2024-03-30 00:25:01,589 [INFO] from org.thp.cortex.services.AccessLogFilter in application-akka.actor.default-dispatcher-22 - 172.24.0.1 GET /api/alert took 3ms and returned 403 84 bytes
2024-03-30 00:25:11,585 [WARN] from org.thp.cortex.services.ErrorHandler in application-akka.actor.default-dispatcher-22 - GET /api/alert returned 403
2024-03-30 00:25:11,586 [INFO] from org.thp.cortex.services.AccessLogFilter in application-akka.actor.default-dispatcher-22 - 172.24.0.1 GET /api/alert took 2ms and returned 403 84 bytes
2024-03-30 00:25:22,087 [WARN] from org.thp.cortex.services.ErrorHandler in application-akka.actor.default-dispatcher-22 - GET /api/alert returned 403
2024-03-30 00:25:22,087 [INFO] from org.thp.cortex.services.AccessLogFilter in application-akka.actor.default-dispatcher-22 - 172.24.0.1 GET /api/alert took 2ms and returned 403 84 bytes
2024-03-30 00:25:31,575 [WARN] from org.thp.cortex.services.ErrorHandler in application-akka.actor.default-dispatcher-17 - GET /api/alert returned 403
2024-03-30 00:25:31,575 [INFO] from org.thp.cortex.services.AccessLogFilter in application-akka.actor.default-dispatcher-17 - 172.24.0.1 GET /api/alert took 3ms and returned 403 84 bytes
2024-03-30 00:25:35,763 [INFO] from org.thp.cortex.services.AccessLogFilter in application-akka.actor.default-dispatcher-30 - 172.24.0.1 POST /api/user/_search took 59ms and returned 200 
2024-03-30 00:25:35,895 [INFO] from org.thp.cortex.services.AccessLogFilter in application-akka.actor.default-dispatcher-22 - 172.24.0.1 POST /api/user/_search?range=0-50&sort=%2Bname took 86ms and returned 200 
2024-03-30 00:25:41,565 [WARN] from org.thp.cortex.services.ErrorHandler in application-akka.actor.default-dispatcher-10 - GET /api/alert returned 403
2024-03-30 00:25:41,565 [INFO] from org.thp.cortex.services.AccessLogFilter in application-akka.actor.default-dispatcher-10 - 172.24.0.1 GET /api/alert took 3ms and returned 403 84 bytes
2024-03-30 00:25:42,357 [INFO] from org.thp.cortex.services.AccessLogFilter in application-akka.actor.default-dispatcher-22 - 172.24.0.1 GET /api/organization took 27ms and returned 200 
2024-03-30 00:25:52,103 [WARN] from org.thp.cortex.services.ErrorHandler in application-akka.actor.default-dispatcher-10 - GET /api/alert returned 403
2024-03-30 00:25:52,103 [INFO] from org.thp.cortex.services.AccessLogFilter in application-akka.actor.default-dispatcher-10 - 172.24.0.1 GET /api/alert took 3ms and returned 403 84 bytes
2024-03-30 00:25:59,718 [INFO] from org.thp.cortex.services.AccessLogFilter in application-akka.actor.default-dispatcher-10 - 172.24.0.1 POST /api/organization/_search?range=0-50 took 26ms and returned 200 
2024-03-30 00:26:01,575 [WARN] from org.thp.cortex.services.ErrorHandler in application-akka.actor.default-dispatcher-10 - GET /api/alert returned 403
2024-03-30 00:26:01,575 [INFO] from org.thp.cortex.services.AccessLogFilter in application-akka.actor.default-dispatcher-10 - 172.24.0.1 GET /api/alert took 3ms and returned 403 84 bytes
2024-03-30 00:26:09,326 [INFO] from org.thp.cortex.services.AccessLogFilter in application-akka.actor.default-dispatcher-10 - 172.24.0.1 POST /api/user/_search took 10ms and returned 200 
2024-03-30 00:26:09,407 [INFO] from org.thp.cortex.services.AccessLogFilter in application-akka.actor.default-dispatcher-10 - 172.24.0.1 POST /api/user/_search?range=0-50&sort=%2Bname took 58ms and returned 200 
2024-03-30 00:26:11,562 [WARN] from org.thp.cortex.services.ErrorHandler in application-akka.actor.default-dispatcher-10 - GET /api/alert returned 403
2024-03-30 00:26:11,563 [INFO] from org.thp.cortex.services.AccessLogFilter in application-akka.actor.default-dispatcher-10 - 172.24.0.1 GET /api/alert took 3ms and returned 403 84 bytes
2024-03-30 00:26:15,146 [INFO] from org.thp.cortex.services.AccessLogFilter in application-akka.actor.default-dispatcher-10 - 172.24.0.1 GET /api/organization took 14ms and returned 200 
2024-03-30 00:26:21,574 [WARN] from org.thp.cortex.services.ErrorHandler in application-akka.actor.default-dispatcher-17 - GET /api/alert returned 403
2024-03-30 00:26:21,574 [INFO] from org.thp.cortex.services.AccessLogFilter in application-akka.actor.default-dispatcher-17 - 172.24.0.1 GET /api/alert took 3ms and returned 403 84 bytes
2024-03-30 00:26:25,595 [INFO] from org.thp.cortex.services.AccessLogFilter in application-akka.actor.default-dispatcher-10 - 172.24.0.1 GET /assets/images/no-avatar_f9289a7534fb14baa43988b5772b08a5.png took 4ms and returned 200 18223 bytes
2024-03-30 00:26:31,603 [WARN] from org.thp.cortex.services.ErrorHandler in application-akka.actor.default-dispatcher-10 - GET /api/alert returned 403
2024-03-30 00:26:31,603 [INFO] from org.thp.cortex.services.AccessLogFilter in application-akka.actor.default-dispatcher-10 - 172.24.0.1 GET /api/alert took 4ms and returned 403 84 bytes
2024-03-30 00:26:42,117 [WARN] from org.thp.cortex.services.ErrorHandler in application-akka.actor.default-dispatcher-10 - GET /api/alert returned 403
2024-03-30 00:26:42,118 [INFO] from org.thp.cortex.services.AccessLogFilter in application-akka.actor.default-dispatcher-10 - 172.24.0.1 GET /api/alert took 4ms and returned 403 84 bytes
2024-03-30 00:26:52,094 [WARN] from org.thp.cortex.services.ErrorHandler in application-akka.actor.default-dispatcher-30 - GET /api/alert returned 403
2024-03-30 00:26:52,095 [INFO] from org.thp.cortex.services.AccessLogFilter in application-akka.actor.default-dispatcher-30 - 172.24.0.1 GET /api/alert took 2ms and returned 403 84 bytes
2024-03-30 00:27:02,119 [WARN] from org.thp.cortex.services.ErrorHandler in application-akka.actor.default-dispatcher-30 - GET /api/alert returned 403
2024-03-30 00:27:02,120 [INFO] from org.thp.cortex.services.AccessLogFilter in application-akka.actor.default-dispatcher-30 - 172.24.0.1 GET /api/alert took 4ms and returned 403 84 bytes
2024-03-30 00:27:11,378 [INFO] from org.thp.cortex.services.AccessLogFilter in application-akka.actor.default-dispatcher-30 - 172.24.0.1 POST /api/user/_search took 15ms and returned 200 
2024-03-30 00:27:11,478 [INFO] from org.thp.cortex.services.AccessLogFilter in application-akka.actor.default-dispatcher-17 - 172.24.0.1 POST /api/user/_search?range=0-50&sort=%2Bname took 64ms and returned 200 
2024-03-30 00:27:11,561 [WARN] from org.thp.cortex.services.ErrorHandler in application-akka.actor.default-dispatcher-22 - GET /api/alert returned 403
2024-03-30 00:27:11,561 [INFO] from org.thp.cortex.services.AccessLogFilter in application-akka.actor.default-dispatcher-22 - 172.24.0.1 GET /api/alert took 2ms and returned 403 84 bytes
2024-03-30 00:27:13,313 [INFO] from org.thp.cortex.services.AccessLogFilter in application-akka.actor.default-dispatcher-17 - 172.24.0.1 GET /api/organization took 16ms and returned 200 
2024-03-30 00:27:21,592 [WARN] from org.thp.cortex.services.ErrorHandler in application-akka.actor.default-dispatcher-22 - GET /api/alert returned 403
2024-03-30 00:27:21,592 [INFO] from org.thp.cortex.services.AccessLogFilter in application-akka.actor.default-dispatcher-22 - 172.24.0.1 GET /api/alert took 3ms and returned 403 84 bytes
2024-03-30 00:27:32,085 [WARN] from org.thp.cortex.services.ErrorHandler in application-akka.actor.default-dispatcher-10 - GET /api/alert returned 403
2024-03-30 00:27:32,085 [INFO] from org.thp.cortex.services.AccessLogFilter in application-akka.actor.default-dispatcher-10 - 172.24.0.1 GET /api/alert took 2ms and returned 403 84 bytes
2024-03-30 00:27:41,566 [WARN] from org.thp.cortex.services.ErrorHandler in application-akka.actor.default-dispatcher-10 - GET /api/alert returned 403
2024-03-30 00:27:41,567 [INFO] from org.thp.cortex.services.AccessLogFilter in application-akka.actor.default-dispatcher-10 - 172.24.0.1 GET /api/alert took 4ms and returned 403 84 bytes
2024-03-30 00:27:52,118 [WARN] from org.thp.cortex.services.ErrorHandler in application-akka.actor.default-dispatcher-10 - GET /api/alert returned 403
2024-03-30 00:27:52,118 [INFO] from org.thp.cortex.services.AccessLogFilter in application-akka.actor.default-dispatcher-10 - 172.24.0.1 GET /api/alert took 4ms and returned 403 84 bytes
2024-03-30 00:28:01,565 [WARN] from org.thp.cortex.services.ErrorHandler in application-akka.actor.default-dispatcher-17 - GET /api/alert returned 403
2024-03-30 00:28:01,565 [INFO] from org.thp.cortex.services.AccessLogFilter in application-akka.actor.default-dispatcher-17 - 172.24.0.1 GET /api/alert took 2ms and returned 403 84 bytes
2024-03-30 00:28:11,577 [WARN] from org.thp.cortex.services.ErrorHandler in application-akka.actor.default-dispatcher-17 - GET /api/alert returned 403
2024-03-30 00:28:11,577 [INFO] from org.thp.cortex.services.AccessLogFilter in application-akka.actor.default-dispatcher-17 - 172.24.0.1 GET /api/alert took 3ms and returned 403 84 bytes
2024-03-30 00:28:13,994 [INFO] from org.thp.cortex.services.AccessLogFilter in application-akka.actor.default-dispatcher-22 - 172.24.0.1 GET /api/organization took 28ms and returned 200 
2024-03-30 00:28:21,575 [WARN] from org.thp.cortex.services.ErrorHandler in application-akka.actor.default-dispatcher-22 - GET /api/alert returned 403
2024-03-30 00:28:21,576 [INFO] from org.thp.cortex.services.AccessLogFilter in application-akka.actor.default-dispatcher-22 - 172.24.0.1 GET /api/alert took 2ms and returned 403 84 bytes
2024-03-30 00:28:31,588 [WARN] from org.thp.cortex.services.ErrorHandler in application-akka.actor.default-dispatcher-30 - GET /api/alert returned 403
2024-03-30 00:28:31,588 [INFO] from org.thp.cortex.services.AccessLogFilter in application-akka.actor.default-dispatcher-30 - 172.24.0.1 GET /api/alert took 3ms and returned 403 84 bytes
2024-03-30 00:28:41,592 [WARN] from org.thp.cortex.services.ErrorHandler in application-akka.actor.default-dispatcher-16 - GET /api/alert returned 403
2024-03-30 00:28:41,592 [INFO] from org.thp.cortex.services.AccessLogFilter in application-akka.actor.default-dispatcher-16 - 172.24.0.1 GET /api/alert took 3ms and returned 403 84 bytes
2024-03-30 00:28:51,587 [WARN] from org.thp.cortex.services.ErrorHandler in application-akka.actor.default-dispatcher-16 - GET /api/alert returned 403
2024-03-30 00:28:51,588 [INFO] from org.thp.cortex.services.AccessLogFilter in application-akka.actor.default-dispatcher-16 - 172.24.0.1 GET /api/alert took 5ms and returned 403 84 bytes
2024-03-30 00:29:01,297 [INFO] from org.thp.cortex.services.AccessLogFilter in application-akka.actor.default-dispatcher-16 - 172.24.0.1 GET /api/organization took 17ms and returned 200 
2024-03-30 00:29:01,563 [WARN] from org.thp.cortex.services.ErrorHandler in application-akka.actor.default-dispatcher-10 - GET /api/alert returned 403
2024-03-30 00:29:01,563 [INFO] from org.thp.cortex.services.AccessLogFilter in application-akka.actor.default-dispatcher-10 - 172.24.0.1 GET /api/alert took 2ms and returned 403 84 bytes
2024-03-30 00:29:11,583 [WARN] from org.thp.cortex.services.ErrorHandler in application-akka.actor.default-dispatcher-17 - GET /api/alert returned 403
2024-03-30 00:29:11,584 [INFO] from org.thp.cortex.services.AccessLogFilter in application-akka.actor.default-dispatcher-17 - 172.24.0.1 GET /api/alert took 4ms and returned 403 84 bytes
2024-03-30 00:29:21,602 [WARN] from org.thp.cortex.services.ErrorHandler in application-akka.actor.default-dispatcher-30 - GET /api/alert returned 403
2024-03-30 00:29:21,602 [INFO] from org.thp.cortex.services.AccessLogFilter in application-akka.actor.default-dispatcher-30 - 172.24.0.1 GET /api/alert took 24ms and returned 403 84 bytes
2024-03-30 00:29:31,573 [WARN] from org.thp.cortex.services.ErrorHandler in application-akka.actor.default-dispatcher-17 - GET /api/alert returned 403
2024-03-30 00:29:31,573 [INFO] from org.thp.cortex.services.AccessLogFilter in application-akka.actor.default-dispatcher-17 - 172.24.0.1 GET /api/alert took 2ms and returned 403 84 bytes
2024-03-30 00:29:41,583 [WARN] from org.thp.cortex.services.ErrorHandler in application-akka.actor.default-dispatcher-17 - GET /api/alert returned 403
2024-03-30 00:29:41,584 [INFO] from org.thp.cortex.services.AccessLogFilter in application-akka.actor.default-dispatcher-17 - 172.24.0.1 GET /api/alert took 3ms and returned 403 84 bytes
2024-03-30 00:29:41,945 [INFO] from org.thp.cortex.services.AccessLogFilter in application-akka.actor.default-dispatcher-17 - 172.24.0.1 GET /index.html took 7ms and returned 304 0 bytes
2024-03-30 00:29:42,332 [INFO] from org.thp.cortex.services.AccessLogFilter in application-akka.actor.default-dispatcher-17 - 172.24.0.1 GET /api/user/current took 4ms and returned 200 334 bytes
2024-03-30 00:29:42,334 [INFO] from org.thp.cortex.services.AccessLogFilter in application-akka.actor.default-dispatcher-10 - 172.24.0.1 GET /api/status took 1ms and returned 200 278 bytes
2024-03-30 00:29:42,414 [INFO] from org.thp.cortex.services.AccessLogFilter in application-akka.actor.default-dispatcher-30 - 172.24.0.1 GET /favicon-32x32.png took 5ms and returned 200 1728 bytes
2024-03-30 00:29:42,438 [INFO] from org.thp.cortex.services.AccessLogFilter in application-akka.actor.default-dispatcher-15 - 172.24.0.1 POST /api/user/_search took 55ms and returned 200 
2024-03-30 00:29:42,503 [INFO] from org.thp.cortex.services.AccessLogFilter in application-akka.actor.default-dispatcher-17 - 172.24.0.1 GET /api/user/callistus took 3ms and returned 200 317 bytes
2024-03-30 00:29:42,528 [INFO] from org.thp.cortex.services.AccessLogFilter in application-akka.actor.default-dispatcher-15 - 172.24.0.1 POST /api/user/_search?range=0-50&sort=%2Bname took 54ms and returned 200 
2024-03-30 00:29:49,660 [INFO] from org.thp.cortex.services.AccessLogFilter in application-akka.actor.default-dispatcher-30 - 172.24.0.1 GET /api/organization took 24ms and returned 200 
2024-03-30 00:29:52,489 [WARN] from org.thp.cortex.services.ErrorHandler in application-akka.actor.default-dispatcher-10 - GET /api/alert returned 403
2024-03-30 00:29:52,490 [INFO] from org.thp.cortex.services.AccessLogFilter in application-akka.actor.default-dispatcher-10 - 172.24.0.1 GET /api/alert took 5ms and returned 403 84 bytes
2024-03-30 00:30:02,474 [WARN] from org.thp.cortex.services.ErrorHandler in application-akka.actor.default-dispatcher-10 - GET /api/alert returned 403
2024-03-30 00:30:02,474 [INFO] from org.thp.cortex.services.AccessLogFilter in application-akka.actor.default-dispatcher-10 - 172.24.0.1 GET /api/alert took 2ms and returned 403 84 bytes
2024-03-30 00:30:12,487 [WARN] from org.thp.cortex.services.ErrorHandler in application-akka.actor.default-dispatcher-22 - GET /api/alert returned 403
2024-03-30 00:30:12,487 [INFO] from org.thp.cortex.services.AccessLogFilter in application-akka.actor.default-dispatcher-22 - 172.24.0.1 GET /api/alert took 3ms and returned 403 84 bytes
2024-03-30 00:30:22,500 [WARN] from org.thp.cortex.services.ErrorHandler in application-akka.actor.default-dispatcher-30 - GET /api/alert returned 403
2024-03-30 00:30:22,500 [INFO] from org.thp.cortex.services.AccessLogFilter in application-akka.actor.default-dispatcher-30 - 172.24.0.1 GET /api/alert took 4ms and returned 403 84 bytes
2024-03-30 00:30:33,117 [WARN] from org.thp.cortex.services.ErrorHandler in application-akka.actor.default-dispatcher-30 - GET /api/alert returned 403
2024-03-30 00:30:33,117 [INFO] from org.thp.cortex.services.AccessLogFilter in application-akka.actor.default-dispatcher-30 - 172.24.0.1 GET /api/alert took 4ms and returned 403 84 bytes
2024-03-30 00:30:43,098 [WARN] from org.thp.cortex.services.ErrorHandler in application-akka.actor.default-dispatcher-22 - GET /api/alert returned 403
2024-03-30 00:30:43,098 [INFO] from org.thp.cortex.services.AccessLogFilter in application-akka.actor.default-dispatcher-22 - 172.24.0.1 GET /api/alert took 3ms and returned 403 84 bytes
2024-03-30 00:30:52,054 [INFO] from org.thp.cortex.services.AccessLogFilter in application-akka.actor.default-dispatcher-17 - 172.24.0.1 GET /api/organization took 17ms and returned 200 
2024-03-30 00:30:52,485 [WARN] from org.thp.cortex.services.ErrorHandler in application-akka.actor.default-dispatcher-17 - GET /api/alert returned 403
2024-03-30 00:30:52,486 [INFO] from org.thp.cortex.services.AccessLogFilter in application-akka.actor.default-dispatcher-17 - 172.24.0.1 GET /api/alert took 2ms and returned 403 84 bytes
2024-03-30 00:31:01,004 [INFO] from org.thp.cortex.services.AccessLogFilter in application-akka.actor.default-dispatcher-17 - 172.24.0.1 GET /api/organization took 20ms and returned 200 
2024-03-30 00:31:02,491 [WARN] from org.thp.cortex.services.ErrorHandler in application-akka.actor.default-dispatcher-17 - GET /api/alert returned 403
2024-03-30 00:31:02,492 [INFO] from org.thp.cortex.services.AccessLogFilter in application-akka.actor.default-dispatcher-17 - 172.24.0.1 GET /api/alert took 4ms and returned 403 84 bytes
2024-03-30 00:31:10,057 [INFO] from org.thp.cortex.services.AccessLogFilter in application-akka.actor.default-dispatcher-17 - 172.24.0.1 POST /api/user took 325ms and returned 201 274 bytes
2024-03-30 00:31:10,087 [INFO] from org.thp.cortex.services.AccessLogFilter in application-akka.actor.default-dispatcher-17 - 172.24.0.1 POST /api/user/_search?range=0-50&sort=%2Bname took 16ms and returned 200 
2024-03-30 00:31:12,466 [WARN] from org.thp.cortex.services.ErrorHandler in application-akka.actor.default-dispatcher-17 - GET /api/alert returned 403
2024-03-30 00:31:12,466 [INFO] from org.thp.cortex.services.AccessLogFilter in application-akka.actor.default-dispatcher-17 - 172.24.0.1 GET /api/alert took 2ms and returned 403 84 bytes
2024-03-30 00:31:21,676 [INFO] from org.thp.cortex.services.AccessLogFilter in application-akka.actor.default-dispatcher-10 - 172.24.0.1 GET /api/organization took 19ms and returned 200 
2024-03-30 00:31:22,473 [WARN] from org.thp.cortex.services.ErrorHandler in application-akka.actor.default-dispatcher-22 - GET /api/alert returned 403
2024-03-30 00:31:22,473 [INFO] from org.thp.cortex.services.AccessLogFilter in application-akka.actor.default-dispatcher-22 - 172.24.0.1 GET /api/alert took 3ms and returned 403 84 bytes
2024-03-30 00:31:26,887 [WARN] from org.thp.cortex.services.ErrorHandler in application-akka.actor.default-dispatcher-10 - PATCH /api/user/client1 returned 400
2024-03-30 00:31:26,887 [INFO] from org.thp.cortex.services.AccessLogFilter in application-akka.actor.default-dispatcher-10 - 172.24.0.1 PATCH /api/user/client1 took 7ms and returned 400 95 bytes
2024-03-30 00:31:32,481 [WARN] from org.thp.cortex.services.ErrorHandler in application-akka.actor.default-dispatcher-17 - GET /api/alert returned 403
2024-03-30 00:31:32,482 [INFO] from org.thp.cortex.services.AccessLogFilter in application-akka.actor.default-dispatcher-17 - 172.24.0.1 GET /api/alert took 7ms and returned 403 84 bytes
2024-03-30 00:31:42,488 [WARN] from org.thp.cortex.services.ErrorHandler in application-akka.actor.default-dispatcher-22 - GET /api/alert returned 403
2024-03-30 00:31:42,488 [INFO] from org.thp.cortex.services.AccessLogFilter in application-akka.actor.default-dispatcher-22 - 172.24.0.1 GET /api/alert took 2ms and returned 403 84 bytes
2024-03-30 00:31:42,631 [INFO] from org.thp.cortex.services.AccessLogFilter in application-akka.actor.default-dispatcher-15 - 172.24.0.1 GET /index.html took 4ms and returned 304 0 bytes
2024-03-30 00:31:42,974 [INFO] from org.thp.cortex.services.AccessLogFilter in application-akka.actor.default-dispatcher-15 - 172.24.0.1 GET /api/user/current took 3ms and returned 200 334 bytes
2024-03-30 00:31:42,975 [INFO] from org.thp.cortex.services.AccessLogFilter in application-akka.actor.default-dispatcher-17 - 172.24.0.1 GET /api/status took 1ms and returned 200 278 bytes
2024-03-30 00:31:43,076 [INFO] from org.thp.cortex.services.AccessLogFilter in application-akka.actor.default-dispatcher-17 - 172.24.0.1 POST /api/user/_search took 48ms and returned 200 
2024-03-30 00:31:43,144 [INFO] from org.thp.cortex.services.AccessLogFilter in application-akka.actor.default-dispatcher-17 - 172.24.0.1 GET /api/user/callistus took 2ms and returned 200 317 bytes
2024-03-30 00:31:43,176 [INFO] from org.thp.cortex.services.AccessLogFilter in application-akka.actor.default-dispatcher-10 - 172.24.0.1 POST /api/user/_search?range=0-50&sort=%2Bname took 61ms and returned 200 
2024-03-30 00:31:49,648 [INFO] from org.thp.cortex.services.AccessLogFilter in application-akka.actor.default-dispatcher-10 - 172.24.0.1 GET /api/organization took 17ms and returned 200 
2024-03-30 00:31:53,124 [WARN] from org.thp.cortex.services.ErrorHandler in application-akka.actor.default-dispatcher-10 - GET /api/alert returned 403
2024-03-30 00:31:53,125 [INFO] from org.thp.cortex.services.AccessLogFilter in application-akka.actor.default-dispatcher-10 - 172.24.0.1 GET /api/alert took 6ms and returned 403 84 bytes
2024-03-30 00:31:54,367 [WARN] from org.thp.cortex.services.ErrorHandler in application-akka.actor.default-dispatcher-17 - PATCH /api/user/client1 returned 400
2024-03-30 00:31:54,368 [INFO] from org.thp.cortex.services.AccessLogFilter in application-akka.actor.default-dispatcher-17 - 172.24.0.1 PATCH /api/user/client1 took 54ms and returned 400 95 bytes
2024-03-30 00:32:02,958 [INFO] from org.thp.cortex.services.AccessLogFilter in application-akka.actor.default-dispatcher-15 - 172.24.0.1 GET /api/organization took 19ms and returned 200 
2024-03-30 00:32:03,110 [WARN] from org.thp.cortex.services.ErrorHandler in application-akka.actor.default-dispatcher-30 - GET /api/alert returned 403
2024-03-30 00:32:03,110 [INFO] from org.thp.cortex.services.AccessLogFilter in application-akka.actor.default-dispatcher-30 - 172.24.0.1 GET /api/alert took 2ms and returned 403 84 bytes
2024-03-30 00:32:10,256 [INFO] from org.thp.cortex.services.AccessLogFilter in application-akka.actor.default-dispatcher-30 - 172.24.0.1 PATCH /api/user/client1 took 705ms and returned 200 328 bytes
2024-03-30 00:32:10,279 [INFO] from org.thp.cortex.services.AccessLogFilter in application-akka.actor.default-dispatcher-17 - 172.24.0.1 POST /api/user/_search?range=0-50&sort=%2Bname took 10ms and returned 200 
2024-03-30 00:32:13,111 [WARN] from org.thp.cortex.services.ErrorHandler in application-akka.actor.default-dispatcher-17 - GET /api/alert returned 403
2024-03-30 00:32:13,112 [INFO] from org.thp.cortex.services.AccessLogFilter in application-akka.actor.default-dispatcher-17 - 172.24.0.1 GET /api/alert took 2ms and returned 403 84 bytes
2024-03-30 00:32:14,369 [INFO] from org.thp.cortex.services.AccessLogFilter in application-akka.actor.default-dispatcher-16 - 172.24.0.1 GET /api/organization took 29ms and returned 200 
2024-03-30 00:32:18,957 [WARN] from org.thp.cortex.services.ErrorHandler in application-akka.actor.default-dispatcher-10 - PATCH /api/user/client1 returned 400
2024-03-30 00:32:18,957 [INFO] from org.thp.cortex.services.AccessLogFilter in application-akka.actor.default-dispatcher-10 - 172.24.0.1 PATCH /api/user/client1 took 2ms and returned 400 95 bytes
2024-03-30 00:32:24,098 [WARN] from org.thp.cortex.services.ErrorHandler in application-akka.actor.default-dispatcher-17 - GET /api/alert returned 403
2024-03-30 00:32:24,099 [INFO] from org.thp.cortex.services.AccessLogFilter in application-akka.actor.default-dispatcher-17 - 172.24.0.1 GET /api/alert took 3ms and returned 403 84 bytes
2024-03-30 00:32:34,093 [WARN] from org.thp.cortex.services.ErrorHandler in application-akka.actor.default-dispatcher-17 - GET /api/alert returned 403
2024-03-30 00:32:34,093 [INFO] from org.thp.cortex.services.AccessLogFilter in application-akka.actor.default-dispatcher-17 - 172.24.0.1 GET /api/alert took 2ms and returned 403 84 bytes
2024-03-30 00:32:43,122 [WARN] from org.thp.cortex.services.ErrorHandler in application-akka.actor.default-dispatcher-16 - GET /api/alert returned 403
2024-03-30 00:32:43,122 [INFO] from org.thp.cortex.services.AccessLogFilter in application-akka.actor.default-dispatcher-16 - 172.24.0.1 GET /api/alert took 2ms and returned 403 84 bytes
2024-03-30 00:32:53,125 [WARN] from org.thp.cortex.services.ErrorHandler in application-akka.actor.default-dispatcher-17 - GET /api/alert returned 403
2024-03-30 00:32:53,125 [INFO] from org.thp.cortex.services.AccessLogFilter in application-akka.actor.default-dispatcher-17 - 172.24.0.1 GET /api/alert took 2ms and returned 403 84 bytes
2024-03-30 00:32:53,447 [INFO] from org.thp.cortex.services.AccessLogFilter in application-akka.actor.default-dispatcher-17 - 172.24.0.1 PATCH /api/user/client1 took 679ms and returned 200 324 bytes
2024-03-30 00:32:53,470 [INFO] from org.thp.cortex.services.AccessLogFilter in application-akka.actor.default-dispatcher-16 - 172.24.0.1 POST /api/user/_search?range=0-50&sort=%2Bname took 10ms and returned 200 
2024-03-30 00:33:03,116 [WARN] from org.thp.cortex.services.ErrorHandler in application-akka.actor.default-dispatcher-16 - GET /api/alert returned 403
2024-03-30 00:33:03,117 [INFO] from org.thp.cortex.services.AccessLogFilter in application-akka.actor.default-dispatcher-16 - 172.24.0.1 GET /api/alert took 3ms and returned 403 84 bytes
2024-03-30 00:33:03,340 [INFO] from org.thp.cortex.services.AccessLogFilter in application-akka.actor.default-dispatcher-17 - 172.24.0.1 POST /api/organization/_search?range=0-50 took 53ms and returned 200 
2024-03-30 00:33:13,109 [WARN] from org.thp.cortex.services.ErrorHandler in application-akka.actor.default-dispatcher-30 - GET /api/alert returned 403
2024-03-30 00:33:13,110 [INFO] from org.thp.cortex.services.AccessLogFilter in application-akka.actor.default-dispatcher-30 - 172.24.0.1 GET /api/alert took 2ms and returned 403 84 bytes
2024-03-30 00:33:23,150 [WARN] from org.thp.cortex.services.ErrorHandler in application-akka.actor.default-dispatcher-16 - GET /api/alert returned 403
2024-03-30 00:33:23,151 [INFO] from org.thp.cortex.services.AccessLogFilter in application-akka.actor.default-dispatcher-16 - 172.24.0.1 GET /api/alert took 8ms and returned 403 84 bytes
2024-03-30 00:33:33,108 [WARN] from org.thp.cortex.services.ErrorHandler in application-akka.actor.default-dispatcher-16 - GET /api/alert returned 403
2024-03-30 00:33:33,109 [INFO] from org.thp.cortex.services.AccessLogFilter in application-akka.actor.default-dispatcher-16 - 172.24.0.1 GET /api/alert took 1ms and returned 403 84 bytes
2024-03-30 00:33:35,646 [INFO] from org.thp.cortex.services.AccessLogFilter in application-akka.actor.default-dispatcher-16 - 172.24.0.1 POST /api/organization took 998ms and returned 201 224 bytes
2024-03-30 00:33:35,673 [INFO] from org.thp.cortex.services.AccessLogFilter in application-akka.actor.default-dispatcher-16 - 172.24.0.1 POST /api/organization/_search?range=0-50 took 13ms and returned 200 
2024-03-30 00:33:35,724 [INFO] from org.thp.cortex.services.AccessLogFilter in application-akka.actor.default-dispatcher-30 - 172.24.0.1 POST /api/organization/_search?range=0-50 took 64ms and returned 200 
2024-03-30 00:33:42,341 [INFO] from org.thp.cortex.services.AccessLogFilter in application-akka.actor.default-dispatcher-10 - 172.24.0.1 POST /api/user/_search took 52ms and returned 200 
2024-03-30 00:33:42,418 [INFO] from org.thp.cortex.services.AccessLogFilter in application-akka.actor.default-dispatcher-30 - 172.24.0.1 POST /api/user/_search?range=0-50&sort=%2Bname took 51ms and returned 200 
2024-03-30 00:33:43,108 [WARN] from org.thp.cortex.services.ErrorHandler in application-akka.actor.default-dispatcher-17 - GET /api/alert returned 403
2024-03-30 00:33:43,108 [INFO] from org.thp.cortex.services.AccessLogFilter in application-akka.actor.default-dispatcher-17 - 172.24.0.1 GET /api/alert took 2ms and returned 403 84 bytes
2024-03-30 00:33:47,814 [INFO] from org.thp.cortex.services.AccessLogFilter in application-akka.actor.default-dispatcher-30 - 172.24.0.1 GET /api/organization took 12ms and returned 200 
2024-03-30 00:33:53,121 [WARN] from org.thp.cortex.services.ErrorHandler in application-akka.actor.default-dispatcher-30 - GET /api/alert returned 403
2024-03-30 00:33:53,122 [INFO] from org.thp.cortex.services.AccessLogFilter in application-akka.actor.default-dispatcher-30 - 172.24.0.1 GET /api/alert took 3ms and returned 403 84 bytes
2024-03-30 00:33:55,846 [INFO] from org.thp.cortex.services.AccessLogFilter in application-akka.actor.default-dispatcher-10 - 172.24.0.1 PATCH /api/user/client1 took 880ms and returned 200 336 bytes
2024-03-30 00:33:55,886 [INFO] from org.thp.cortex.services.AccessLogFilter in application-akka.actor.default-dispatcher-10 - 172.24.0.1 POST /api/user/_search?range=0-50&sort=%2Bname took 19ms and returned 200 
2024-03-30 00:34:04,084 [WARN] from org.thp.cortex.services.ErrorHandler in application-akka.actor.default-dispatcher-15 - GET /api/alert returned 403
2024-03-30 00:34:04,084 [INFO] from org.thp.cortex.services.AccessLogFilter in application-akka.actor.default-dispatcher-15 - 172.24.0.1 GET /api/alert took 2ms and returned 403 84 bytes
2024-03-30 00:34:14,088 [WARN] from org.thp.cortex.services.ErrorHandler in application-akka.actor.default-dispatcher-15 - GET /api/alert returned 403
2024-03-30 00:34:14,088 [INFO] from org.thp.cortex.services.AccessLogFilter in application-akka.actor.default-dispatcher-15 - 172.24.0.1 GET /api/alert took 2ms and returned 403 84 bytes
2024-03-30 00:34:24,107 [WARN] from org.thp.cortex.services.ErrorHandler in application-akka.actor.default-dispatcher-30 - GET /api/alert returned 403
2024-03-30 00:34:24,107 [INFO] from org.thp.cortex.services.AccessLogFilter in application-akka.actor.default-dispatcher-30 - 172.24.0.1 GET /api/alert took 17ms and returned 403 84 bytes
2024-03-30 00:34:34,082 [WARN] from org.thp.cortex.services.ErrorHandler in application-akka.actor.default-dispatcher-30 - GET /api/alert returned 403
2024-03-30 00:34:34,082 [INFO] from org.thp.cortex.services.AccessLogFilter in application-akka.actor.default-dispatcher-30 - 172.24.0.1 GET /api/alert took 1ms and returned 403 84 bytes
2024-03-30 00:34:43,112 [WARN] from org.thp.cortex.services.ErrorHandler in application-akka.actor.default-dispatcher-10 - GET /api/alert returned 403
2024-03-30 00:34:43,112 [INFO] from org.thp.cortex.services.AccessLogFilter in application-akka.actor.default-dispatcher-10 - 172.24.0.1 GET /api/alert took 5ms and returned 403 84 bytes
2024-03-30 00:34:53,108 [WARN] from org.thp.cortex.services.ErrorHandler in application-akka.actor.default-dispatcher-15 - GET /api/alert returned 403
2024-03-30 00:34:53,109 [INFO] from org.thp.cortex.services.AccessLogFilter in application-akka.actor.default-dispatcher-15 - 172.24.0.1 GET /api/alert took 2ms and returned 403 84 bytes
2024-03-30 00:34:57,150 [INFO] from org.thp.cortex.services.AccessLogFilter in application-akka.actor.default-dispatcher-16 - 172.24.0.1 POST /api/organization/_search?range=0-50 took 56ms and returned 200 
2024-03-30 00:35:03,112 [WARN] from org.thp.cortex.services.ErrorHandler in application-akka.actor.default-dispatcher-16 - GET /api/alert returned 403
2024-03-30 00:35:03,112 [INFO] from org.thp.cortex.services.AccessLogFilter in application-akka.actor.default-dispatcher-16 - 172.24.0.1 GET /api/alert took 2ms and returned 403 84 bytes
2024-03-30 00:35:13,114 [WARN] from org.thp.cortex.services.ErrorHandler in application-akka.actor.default-dispatcher-10 - GET /api/alert returned 403
2024-03-30 00:35:13,114 [INFO] from org.thp.cortex.services.AccessLogFilter in application-akka.actor.default-dispatcher-10 - 172.24.0.1 GET /api/alert took 2ms and returned 403 84 bytes
2024-03-30 00:35:23,112 [WARN] from org.thp.cortex.services.ErrorHandler in application-akka.actor.default-dispatcher-30 - GET /api/alert returned 403
2024-03-30 00:35:23,112 [INFO] from org.thp.cortex.services.AccessLogFilter in application-akka.actor.default-dispatcher-30 - 172.24.0.1 GET /api/alert took 3ms and returned 403 84 bytes
2024-03-30 00:35:33,117 [WARN] from org.thp.cortex.services.ErrorHandler in application-akka.actor.default-dispatcher-30 - GET /api/alert returned 403
2024-03-30 00:35:33,117 [INFO] from org.thp.cortex.services.AccessLogFilter in application-akka.actor.default-dispatcher-30 - 172.24.0.1 GET /api/alert took 3ms and returned 403 84 bytes
2024-03-30 00:35:37,797 [INFO] from org.thp.cortex.services.AccessLogFilter in application-akka.actor.default-dispatcher-15 - 172.24.0.1 POST /api/user/_search took 55ms and returned 200 
2024-03-30 00:35:37,878 [INFO] from org.thp.cortex.services.AccessLogFilter in application-akka.actor.default-dispatcher-30 - 172.24.0.1 POST /api/user/_search?range=0-50&sort=%2Bname took 57ms and returned 200 
2024-03-30 00:35:41,065 [INFO] from org.thp.cortex.services.AccessLogFilter in application-akka.actor.default-dispatcher-16 - 172.24.0.1 POST /api/user/client1/key/renew took 265ms and returned 200 32 bytes
2024-03-30 00:35:41,087 [INFO] from org.thp.cortex.services.AccessLogFilter in application-akka.actor.default-dispatcher-16 - 172.24.0.1 POST /api/user/_search?range=0-50&sort=%2Bname took 11ms and returned 200 
2024-03-30 00:35:43,119 [WARN] from org.thp.cortex.services.ErrorHandler in application-akka.actor.default-dispatcher-10 - GET /api/alert returned 403
2024-03-30 00:35:43,119 [INFO] from org.thp.cortex.services.AccessLogFilter in application-akka.actor.default-dispatcher-10 - 172.24.0.1 GET /api/alert took 3ms and returned 403 84 bytes
2024-03-30 00:35:43,293 [INFO] from org.thp.cortex.services.AccessLogFilter in application-akka.actor.default-dispatcher-16 - 172.24.0.1 GET /api/user/client1/key took 13ms and returned 200 32 bytes
2024-03-30 00:35:53,129 [WARN] from org.thp.cortex.services.ErrorHandler in application-akka.actor.default-dispatcher-16 - GET /api/alert returned 403
2024-03-30 00:35:53,130 [INFO] from org.thp.cortex.services.AccessLogFilter in application-akka.actor.default-dispatcher-16 - 172.24.0.1 GET /api/alert took 4ms and returned 403 84 bytes
2024-03-30 00:36:04,096 [WARN] from org.thp.cortex.services.ErrorHandler in application-akka.actor.default-dispatcher-16 - GET /api/alert returned 403
2024-03-30 00:36:04,097 [INFO] from org.thp.cortex.services.AccessLogFilter in application-akka.actor.default-dispatcher-16 - 172.24.0.1 GET /api/alert took 3ms and returned 403 84 bytes
2024-03-30 00:36:14,085 [WARN] from org.thp.cortex.services.ErrorHandler in application-akka.actor.default-dispatcher-22 - GET /api/alert returned 403
2024-03-30 00:36:14,085 [INFO] from org.thp.cortex.services.AccessLogFilter in application-akka.actor.default-dispatcher-22 - 172.24.0.1 GET /api/alert took 2ms and returned 403 84 bytes
2024-03-30 00:36:23,123 [WARN] from org.thp.cortex.services.ErrorHandler in application-akka.actor.default-dispatcher-30 - GET /api/alert returned 403
2024-03-30 00:36:23,124 [INFO] from org.thp.cortex.services.AccessLogFilter in application-akka.actor.default-dispatcher-30 - 172.24.0.1 GET /api/alert took 3ms and returned 403 84 bytes
2024-03-30 00:36:33,127 [WARN] from org.thp.cortex.services.ErrorHandler in application-akka.actor.default-dispatcher-30 - GET /api/alert returned 403
2024-03-30 00:36:33,127 [INFO] from org.thp.cortex.services.AccessLogFilter in application-akka.actor.default-dispatcher-30 - 172.24.0.1 GET /api/alert took 3ms and returned 403 84 bytes
2024-03-30 00:36:43,107 [WARN] from org.thp.cortex.services.ErrorHandler in application-akka.actor.default-dispatcher-30 - GET /api/alert returned 403
2024-03-30 00:36:43,107 [INFO] from org.thp.cortex.services.AccessLogFilter in application-akka.actor.default-dispatcher-30 - 172.24.0.1 GET /api/alert took 2ms and returned 403 84 bytes
2024-03-30 00:36:53,107 [WARN] from org.thp.cortex.services.ErrorHandler in application-akka.actor.default-dispatcher-30 - GET /api/alert returned 403
2024-03-30 00:36:53,107 [INFO] from org.thp.cortex.services.AccessLogFilter in application-akka.actor.default-dispatcher-30 - 172.24.0.1 GET /api/alert took 2ms and returned 403 84 bytes
2024-03-30 00:36:59,759 [INFO] from org.thp.cortex.services.AccessLogFilter in application-akka.actor.default-dispatcher-30 - 172.24.0.1 POST /api/organization/_search?range=0-50 took 48ms and returned 200 
2024-03-30 00:37:03,123 [WARN] from org.thp.cortex.services.ErrorHandler in application-akka.actor.default-dispatcher-30 - GET /api/alert returned 403
2024-03-30 00:37:03,124 [INFO] from org.thp.cortex.services.AccessLogFilter in application-akka.actor.default-dispatcher-30 - 172.24.0.1 GET /api/alert took 2ms and returned 403 84 bytes
2024-03-30 00:37:13,113 [WARN] from org.thp.cortex.services.ErrorHandler in application-akka.actor.default-dispatcher-16 - GET /api/alert returned 403
2024-03-30 00:37:13,113 [INFO] from org.thp.cortex.services.AccessLogFilter in application-akka.actor.default-dispatcher-16 - 172.24.0.1 GET /api/alert took 2ms and returned 403 84 bytes
2024-03-30 00:37:23,113 [WARN] from org.thp.cortex.services.ErrorHandler in application-akka.actor.default-dispatcher-22 - GET /api/alert returned 403
2024-03-30 00:37:23,113 [INFO] from org.thp.cortex.services.AccessLogFilter in application-akka.actor.default-dispatcher-22 - 172.24.0.1 GET /api/alert took 2ms and returned 403 84 bytes
2024-03-30 00:37:33,132 [WARN] from org.thp.cortex.services.ErrorHandler in application-akka.actor.default-dispatcher-22 - GET /api/alert returned 403
2024-03-30 00:37:33,133 [INFO] from org.thp.cortex.services.AccessLogFilter in application-akka.actor.default-dispatcher-22 - 172.24.0.1 GET /api/alert took 3ms and returned 403 84 bytes
2024-03-30 00:37:33,584 [INFO] from org.thp.cortex.services.AccessLogFilter in application-akka.actor.default-dispatcher-22 - 172.24.0.1 POST /api/user/_search took 55ms and returned 200 
2024-03-30 00:37:33,676 [INFO] from org.thp.cortex.services.AccessLogFilter in application-akka.actor.default-dispatcher-16 - 172.24.0.1 POST /api/user/_search?range=0-50&sort=%2Bname took 67ms and returned 200 
2024-03-30 00:37:37,294 [INFO] from org.thp.cortex.services.AccessLogFilter in application-akka.actor.default-dispatcher-15 - 172.24.0.1 POST /api/user/client1/key/renew took 832ms and returned 200 32 bytes
2024-03-30 00:37:37,314 [INFO] from org.thp.cortex.services.AccessLogFilter in application-akka.actor.default-dispatcher-10 - 172.24.0.1 POST /api/user/_search?range=0-50&sort=%2Bname took 9ms and returned 200 
2024-03-30 00:37:37,896 [INFO] from org.thp.cortex.services.AccessLogFilter in application-akka.actor.default-dispatcher-17 - 172.24.0.1 GET /api/user/client1/key took 7ms and returned 200 32 bytes
2024-03-30 00:37:43,125 [WARN] from org.thp.cortex.services.ErrorHandler in application-akka.actor.default-dispatcher-17 - GET /api/alert returned 403
2024-03-30 00:37:43,125 [INFO] from org.thp.cortex.services.AccessLogFilter in application-akka.actor.default-dispatcher-17 - 172.24.0.1 GET /api/alert took 2ms and returned 403 84 bytes
2024-03-30 00:37:54,103 [WARN] from org.thp.cortex.services.ErrorHandler in application-akka.actor.default-dispatcher-22 - GET /api/alert returned 403
2024-03-30 00:37:54,103 [INFO] from org.thp.cortex.services.AccessLogFilter in application-akka.actor.default-dispatcher-22 - 172.24.0.1 GET /api/alert took 3ms and returned 403 84 bytes
2024-03-30 00:38:04,085 [WARN] from org.thp.cortex.services.ErrorHandler in application-akka.actor.default-dispatcher-17 - GET /api/alert returned 403
2024-03-30 00:38:04,085 [INFO] from org.thp.cortex.services.AccessLogFilter in application-akka.actor.default-dispatcher-17 - 172.24.0.1 GET /api/alert took 2ms and returned 403 84 bytes
2024-03-30 00:38:14,082 [WARN] from org.thp.cortex.services.ErrorHandler in application-akka.actor.default-dispatcher-22 - GET /api/alert returned 403
2024-03-30 00:38:14,083 [INFO] from org.thp.cortex.services.AccessLogFilter in application-akka.actor.default-dispatcher-22 - 172.24.0.1 GET /api/alert took 2ms and returned 403 84 bytes
2024-03-30 00:38:24,084 [WARN] from org.thp.cortex.services.ErrorHandler in application-akka.actor.default-dispatcher-17 - GET /api/alert returned 403
2024-03-30 00:38:24,085 [INFO] from org.thp.cortex.services.AccessLogFilter in application-akka.actor.default-dispatcher-17 - 172.24.0.1 GET /api/alert took 1ms and returned 403 84 bytes
2024-03-30 00:38:34,095 [WARN] from org.thp.cortex.services.ErrorHandler in application-akka.actor.default-dispatcher-17 - GET /api/alert returned 403
2024-03-30 00:38:34,096 [INFO] from org.thp.cortex.services.AccessLogFilter in application-akka.actor.default-dispatcher-17 - 172.24.0.1 GET /api/alert took 3ms and returned 403 84 bytes
2024-03-30 00:38:44,082 [WARN] from org.thp.cortex.services.ErrorHandler in application-akka.actor.default-dispatcher-16 - GET /api/alert returned 403
2024-03-30 00:38:44,082 [INFO] from org.thp.cortex.services.AccessLogFilter in application-akka.actor.default-dispatcher-16 - 172.24.0.1 GET /api/alert took 3ms and returned 403 84 bytes
2024-03-30 00:38:54,084 [WARN] from org.thp.cortex.services.ErrorHandler in application-akka.actor.default-dispatcher-22 - GET /api/alert returned 403
2024-03-30 00:38:54,084 [INFO] from org.thp.cortex.services.AccessLogFilter in application-akka.actor.default-dispatcher-22 - 172.24.0.1 GET /api/alert took 2ms and returned 403 84 bytes
2024-03-30 00:39:04,092 [WARN] from org.thp.cortex.services.ErrorHandler in application-akka.actor.default-dispatcher-16 - GET /api/alert returned 403
2024-03-30 00:39:04,092 [INFO] from org.thp.cortex.services.AccessLogFilter in application-akka.actor.default-dispatcher-16 - 172.24.0.1 GET /api/alert took 3ms and returned 403 84 bytes
2024-03-30 00:39:14,088 [WARN] from org.thp.cortex.services.ErrorHandler in application-akka.actor.default-dispatcher-16 - GET /api/alert returned 403
2024-03-30 00:39:14,089 [INFO] from org.thp.cortex.services.AccessLogFilter in application-akka.actor.default-dispatcher-16 - 172.24.0.1 GET /api/alert took 3ms and returned 403 84 bytes
2024-03-30 00:39:24,078 [WARN] from org.thp.cortex.services.ErrorHandler in application-akka.actor.default-dispatcher-15 - GET /api/alert returned 403
2024-03-30 00:39:24,078 [INFO] from org.thp.cortex.services.AccessLogFilter in application-akka.actor.default-dispatcher-15 - 172.24.0.1 GET /api/alert took 1ms and returned 403 84 bytes
2024-03-30 00:39:54,121 [WARN] from org.thp.cortex.services.ErrorHandler in application-akka.actor.default-dispatcher-16 - GET /api/alert returned 403
2024-03-30 00:39:54,121 [INFO] from org.thp.cortex.services.AccessLogFilter in application-akka.actor.default-dispatcher-16 - 172.24.0.1 GET /api/alert took 18ms and returned 403 84 bytes
2024-03-30 00:40:54,097 [WARN] from org.thp.cortex.services.ErrorHandler in application-akka.actor.default-dispatcher-15 - GET /api/alert returned 403
2024-03-30 00:40:54,097 [INFO] from org.thp.cortex.services.AccessLogFilter in application-akka.actor.default-dispatcher-15 - 172.24.0.1 GET /api/alert took 3ms and returned 403 84 bytes
2024-03-30 00:41:54,104 [WARN] from org.thp.cortex.services.ErrorHandler in application-akka.actor.default-dispatcher-10 - GET /api/alert returned 403
2024-03-30 00:41:54,105 [INFO] from org.thp.cortex.services.AccessLogFilter in application-akka.actor.default-dispatcher-10 - 172.24.0.1 GET /api/alert took 4ms and returned 403 84 bytes
2024-03-30 00:42:34,647 [WARN] from org.thp.cortex.services.ErrorHandler in application-akka.actor.default-dispatcher-10 - GET /api/alert returned 403
2024-03-30 00:42:34,650 [INFO] from org.thp.cortex.services.AccessLogFilter in application-akka.actor.default-dispatcher-10 - 172.24.0.1 GET /api/alert took 12ms and returned 403 84 bytes
2024-03-30 00:42:44,090 [WARN] from org.thp.cortex.services.ErrorHandler in application-akka.actor.default-dispatcher-17 - GET /api/alert returned 403
2024-03-30 00:42:44,090 [INFO] from org.thp.cortex.services.AccessLogFilter in application-akka.actor.default-dispatcher-17 - 172.24.0.1 GET /api/alert took 2ms and returned 403 84 bytes
2024-03-30 00:42:54,099 [WARN] from org.thp.cortex.services.ErrorHandler in application-akka.actor.default-dispatcher-15 - GET /api/alert returned 403
2024-03-30 00:42:54,099 [INFO] from org.thp.cortex.services.AccessLogFilter in application-akka.actor.default-dispatcher-15 - 172.24.0.1 GET /api/alert took 3ms and returned 403 84 bytes
2024-03-30 00:43:04,091 [WARN] from org.thp.cortex.services.ErrorHandler in application-akka.actor.default-dispatcher-15 - GET /api/alert returned 403
2024-03-30 00:43:04,092 [INFO] from org.thp.cortex.services.AccessLogFilter in application-akka.actor.default-dispatcher-15 - 172.24.0.1 GET /api/alert took 1ms and returned 403 84 bytes
2024-03-30 00:43:14,092 [WARN] from org.thp.cortex.services.ErrorHandler in application-akka.actor.default-dispatcher-17 - GET /api/alert returned 403
2024-03-30 00:43:14,092 [INFO] from org.thp.cortex.services.AccessLogFilter in application-akka.actor.default-dispatcher-17 - 172.24.0.1 GET /api/alert took 2ms and returned 403 84 bytes
2024-03-30 00:43:24,087 [WARN] from org.thp.cortex.services.ErrorHandler in application-akka.actor.default-dispatcher-17 - GET /api/alert returned 403
2024-03-30 00:43:24,088 [INFO] from org.thp.cortex.services.AccessLogFilter in application-akka.actor.default-dispatcher-17 - 172.24.0.1 GET /api/alert took 4ms and returned 403 84 bytes
2024-03-30 00:43:33,112 [WARN] from org.thp.cortex.services.ErrorHandler in application-akka.actor.default-dispatcher-22 - GET /api/alert returned 403
2024-03-30 00:43:33,112 [INFO] from org.thp.cortex.services.AccessLogFilter in application-akka.actor.default-dispatcher-22 - 172.24.0.1 GET /api/alert took 2ms and returned 403 84 bytes
2024-03-30 00:43:44,104 [WARN] from org.thp.cortex.services.ErrorHandler in application-akka.actor.default-dispatcher-22 - GET /api/alert returned 403
2024-03-30 00:43:44,106 [INFO] from org.thp.cortex.services.AccessLogFilter in application-akka.actor.default-dispatcher-22 - 172.24.0.1 GET /api/alert took 3ms and returned 403 84 bytes
2024-03-30 00:43:54,093 [WARN] from org.thp.cortex.services.ErrorHandler in application-akka.actor.default-dispatcher-22 - GET /api/alert returned 403
2024-03-30 00:43:54,094 [INFO] from org.thp.cortex.services.AccessLogFilter in application-akka.actor.default-dispatcher-22 - 172.24.0.1 GET /api/alert took 2ms and returned 403 84 bytes
2024-03-30 00:44:04,091 [WARN] from org.thp.cortex.services.ErrorHandler in application-akka.actor.default-dispatcher-22 - GET /api/alert returned 403
2024-03-30 00:44:04,092 [INFO] from org.thp.cortex.services.AccessLogFilter in application-akka.actor.default-dispatcher-22 - 172.24.0.1 GET /api/alert took 3ms and returned 403 84 bytes
2024-03-30 00:44:14,082 [WARN] from org.thp.cortex.services.ErrorHandler in application-akka.actor.default-dispatcher-22 - GET /api/alert returned 403
2024-03-30 00:44:14,082 [INFO] from org.thp.cortex.services.AccessLogFilter in application-akka.actor.default-dispatcher-22 - 172.24.0.1 GET /api/alert took 2ms and returned 403 84 bytes
2024-03-30 00:44:24,095 [WARN] from org.thp.cortex.services.ErrorHandler in application-akka.actor.default-dispatcher-30 - GET /api/alert returned 403
2024-03-30 00:44:24,096 [INFO] from org.thp.cortex.services.AccessLogFilter in application-akka.actor.default-dispatcher-30 - 172.24.0.1 GET /api/alert took 5ms and returned 403 84 bytes
2024-03-30 00:44:34,102 [WARN] from org.thp.cortex.services.ErrorHandler in application-akka.actor.default-dispatcher-22 - GET /api/alert returned 403
2024-03-30 00:44:34,102 [INFO] from org.thp.cortex.services.AccessLogFilter in application-akka.actor.default-dispatcher-22 - 172.24.0.1 GET /api/alert took 3ms and returned 403 84 bytes
2024-03-30 00:44:54,095 [WARN] from org.thp.cortex.services.ErrorHandler in application-akka.actor.default-dispatcher-22 - GET /api/alert returned 403
2024-03-30 00:44:54,095 [INFO] from org.thp.cortex.services.AccessLogFilter in application-akka.actor.default-dispatcher-22 - 172.24.0.1 GET /api/alert took 3ms and returned 403 84 bytes
2024-03-30 00:45:54,102 [WARN] from org.thp.cortex.services.ErrorHandler in application-akka.actor.default-dispatcher-30 - GET /api/alert returned 403
2024-03-30 00:45:54,102 [INFO] from org.thp.cortex.services.AccessLogFilter in application-akka.actor.default-dispatcher-30 - 172.24.0.1 GET /api/alert took 17ms and returned 403 84 bytes
